{"/Users/michaelbenowitz/work/sfr-proj/sfr-proj/app/sfr-search-api/lib/db.js":{"path":"/Users/michaelbenowitz/work/sfr-proj/sfr-proj/app/sfr-search-api/lib/db.js","statementMap":{"0":{"start":{"line":10,"column":4},"end":{"line":10,"column":24}},"1":{"start":{"line":11,"column":4},"end":{"line":11,"column":22}},"2":{"start":{"line":34,"column":26},"end":{"line":34,"column":58}},"3":{"start":{"line":35,"column":4},"end":{"line":39,"column":20}},"4":{"start":{"line":43,"column":27},"end":{"line":43,"column":29}},"5":{"start":{"line":44,"column":4},"end":{"line":46,"column":6}},"6":{"start":{"line":45,"column":6},"end":{"line":45,"column":57}},"7":{"start":{"line":47,"column":4},"end":{"line":47,"column":101}},"8":{"start":{"line":62,"column":23},"end":{"line":62,"column":25}},"9":{"start":{"line":63,"column":4},"end":{"line":80,"column":5}},"10":{"start":{"line":64,"column":25},"end":{"line":67,"column":7}},"11":{"start":{"line":68,"column":22},"end":{"line":68,"column":87}},"12":{"start":{"line":70,"column":26},"end":{"line":77,"column":7}},"13":{"start":{"line":78,"column":23},"end":{"line":78,"column":89}},"14":{"start":{"line":79,"column":6},"end":{"line":79,"column":31}},"15":{"start":{"line":82,"column":4},"end":{"line":90,"column":5}},"16":{"start":{"line":83,"column":28},"end":{"line":87,"column":7}},"17":{"start":{"line":88,"column":25},"end":{"line":88,"column":97}},"18":{"start":{"line":89,"column":6},"end":{"line":89,"column":33}},"19":{"start":{"line":92,"column":4},"end":{"line":101,"column":5}},"20":{"start":{"line":93,"column":32},"end":{"line":98,"column":7}},"21":{"start":{"line":99,"column":25},"end":{"line":99,"column":109}},"22":{"start":{"line":100,"column":6},"end":{"line":100,"column":33}},"23":{"start":{"line":103,"column":4},"end":{"line":115,"column":5}},"24":{"start":{"line":104,"column":25},"end":{"line":108,"column":7}},"25":{"start":{"line":109,"column":22},"end":{"line":113,"column":24}},"26":{"start":{"line":114,"column":6},"end":{"line":114,"column":30}},"27":{"start":{"line":117,"column":4},"end":{"line":124,"column":5}},"28":{"start":{"line":118,"column":21},"end":{"line":122,"column":25}},"29":{"start":{"line":123,"column":6},"end":{"line":123,"column":29}},"30":{"start":{"line":126,"column":4},"end":{"line":129,"column":14}},"31":{"start":{"line":145,"column":27},"end":{"line":145,"column":29}},"32":{"start":{"line":146,"column":4},"end":{"line":148,"column":6}},"33":{"start":{"line":147,"column":6},"end":{"line":147,"column":57}},"34":{"start":{"line":149,"column":4},"end":{"line":149,"column":82}},"35":{"start":{"line":166,"column":4},"end":{"line":191,"column":8}},"36":{"start":{"line":172,"column":23},"end":{"line":172,"column":25}},"37":{"start":{"line":173,"column":8},"end":{"line":189,"column":10}},"38":{"start":{"line":174,"column":27},"end":{"line":174,"column":48}},"39":{"start":{"line":175,"column":25},"end":{"line":187,"column":14}},"40":{"start":{"line":179,"column":30},"end":{"line":179,"column":32}},"41":{"start":{"line":180,"column":14},"end":{"line":185,"column":16}},"42":{"start":{"line":181,"column":16},"end":{"line":184,"column":18}},"43":{"start":{"line":186,"column":14},"end":{"line":186,"column":28}},"44":{"start":{"line":188,"column":10},"end":{"line":188,"column":32}},"45":{"start":{"line":190,"column":8},"end":{"line":190,"column":21}},"46":{"start":{"line":207,"column":24},"end":{"line":213,"column":5}},"47":{"start":{"line":214,"column":21},"end":{"line":214,"column":95}},"48":{"start":{"line":216,"column":23},"end":{"line":222,"column":5}},"49":{"start":{"line":223,"column":20},"end":{"line":223,"column":83}},"50":{"start":{"line":225,"column":25},"end":{"line":228,"column":5}},"51":{"start":{"line":229,"column":22},"end":{"line":233,"column":19}},"52":{"start":{"line":235,"column":23},"end":{"line":241,"column":5}},"53":{"start":{"line":242,"column":20},"end":{"line":245,"column":18}},"54":{"start":{"line":247,"column":23},"end":{"line":251,"column":5}},"55":{"start":{"line":252,"column":20},"end":{"line":256,"column":22}},"56":{"start":{"line":258,"column":24},"end":{"line":262,"column":5}},"57":{"start":{"line":263,"column":21},"end":{"line":268,"column":19}},"58":{"start":{"line":270,"column":23},"end":{"line":274,"column":5}},"59":{"start":{"line":275,"column":20},"end":{"line":275,"column":91}},"60":{"start":{"line":277,"column":22},"end":{"line":277,"column":76}},"61":{"start":{"line":279,"column":4},"end":{"line":284,"column":25}},"62":{"start":{"line":284,"column":20},"end":{"line":284,"column":24}},"63":{"start":{"line":299,"column":24},"end":{"line":305,"column":5}},"64":{"start":{"line":306,"column":21},"end":{"line":314,"column":19}},"65":{"start":{"line":307,"column":6},"end":{"line":311,"column":66}},"66":{"start":{"line":316,"column":23},"end":{"line":322,"column":5}},"67":{"start":{"line":323,"column":20},"end":{"line":323,"column":83}},"68":{"start":{"line":325,"column":25},"end":{"line":328,"column":5}},"69":{"start":{"line":329,"column":22},"end":{"line":333,"column":19}},"70":{"start":{"line":335,"column":23},"end":{"line":342,"column":5}},"71":{"start":{"line":343,"column":20},"end":{"line":347,"column":18}},"72":{"start":{"line":349,"column":23},"end":{"line":353,"column":5}},"73":{"start":{"line":354,"column":20},"end":{"line":362,"column":22}},"74":{"start":{"line":355,"column":6},"end":{"line":359,"column":66}},"75":{"start":{"line":364,"column":24},"end":{"line":368,"column":5}},"76":{"start":{"line":369,"column":21},"end":{"line":375,"column":19}},"77":{"start":{"line":377,"column":22},"end":{"line":377,"column":75}},"78":{"start":{"line":379,"column":4},"end":{"line":384,"column":25}},"79":{"start":{"line":384,"column":20},"end":{"line":384,"column":24}},"80":{"start":{"line":388,"column":0},"end":{"line":388,"column":34}}},"fnMap":{"0":{"name":"(anonymous_0)","decl":{"start":{"line":9,"column":2},"end":{"line":9,"column":3}},"loc":{"start":{"line":9,"column":32},"end":{"line":12,"column":3}},"line":9},"1":{"name":"(anonymous_1)","decl":{"start":{"line":33,"column":2},"end":{"line":33,"column":3}},"loc":{"start":{"line":33,"column":67},"end":{"line":40,"column":3}},"line":33},"2":{"name":"(anonymous_2)","decl":{"start":{"line":42,"column":2},"end":{"line":42,"column":3}},"loc":{"start":{"line":42,"column":39},"end":{"line":48,"column":3}},"line":42},"3":{"name":"(anonymous_3)","decl":{"start":{"line":44,"column":32},"end":{"line":44,"column":33}},"loc":{"start":{"line":44,"column":43},"end":{"line":46,"column":5}},"line":44},"4":{"name":"(anonymous_4)","decl":{"start":{"line":61,"column":2},"end":{"line":61,"column":3}},"loc":{"start":{"line":61,"column":32},"end":{"line":130,"column":3}},"line":61},"5":{"name":"(anonymous_5)","decl":{"start":{"line":144,"column":2},"end":{"line":144,"column":3}},"loc":{"start":{"line":144,"column":39},"end":{"line":150,"column":3}},"line":144},"6":{"name":"(anonymous_6)","decl":{"start":{"line":146,"column":32},"end":{"line":146,"column":33}},"loc":{"start":{"line":146,"column":43},"end":{"line":148,"column":5}},"line":146},"7":{"name":"(anonymous_7)","decl":{"start":{"line":165,"column":2},"end":{"line":165,"column":3}},"loc":{"start":{"line":165,"column":43},"end":{"line":192,"column":3}},"line":165},"8":{"name":"(anonymous_8)","decl":{"start":{"line":171,"column":12},"end":{"line":171,"column":13}},"loc":{"start":{"line":171,"column":28},"end":{"line":191,"column":7}},"line":171},"9":{"name":"(anonymous_9)","decl":{"start":{"line":173,"column":21},"end":{"line":173,"column":22}},"loc":{"start":{"line":173,"column":36},"end":{"line":189,"column":9}},"line":173},"10":{"name":"(anonymous_10)","decl":{"start":{"line":178,"column":18},"end":{"line":178,"column":19}},"loc":{"start":{"line":178,"column":30},"end":{"line":187,"column":13}},"line":178},"11":{"name":"(anonymous_11)","decl":{"start":{"line":180,"column":29},"end":{"line":180,"column":30}},"loc":{"start":{"line":180,"column":40},"end":{"line":185,"column":15}},"line":180},"12":{"name":"(anonymous_12)","decl":{"start":{"line":206,"column":2},"end":{"line":206,"column":3}},"loc":{"start":{"line":206,"column":42},"end":{"line":285,"column":3}},"line":206},"13":{"name":"(anonymous_13)","decl":{"start":{"line":284,"column":12},"end":{"line":284,"column":13}},"loc":{"start":{"line":284,"column":20},"end":{"line":284,"column":24}},"line":284},"14":{"name":"(anonymous_14)","decl":{"start":{"line":298,"column":2},"end":{"line":298,"column":3}},"loc":{"start":{"line":298,"column":40},"end":{"line":385,"column":3}},"line":298},"15":{"name":"(anonymous_15)","decl":{"start":{"line":306,"column":46},"end":{"line":306,"column":47}},"loc":{"start":{"line":306,"column":54},"end":{"line":312,"column":5}},"line":306},"16":{"name":"(anonymous_16)","decl":{"start":{"line":354,"column":45},"end":{"line":354,"column":46}},"loc":{"start":{"line":354,"column":53},"end":{"line":360,"column":5}},"line":354},"17":{"name":"(anonymous_17)","decl":{"start":{"line":384,"column":12},"end":{"line":384,"column":13}},"loc":{"start":{"line":384,"column":20},"end":{"line":384,"column":24}},"line":384}},"branchMap":{"0":{"loc":{"start":{"line":63,"column":4},"end":{"line":80,"column":5}},"type":"if","locations":[{"start":{"line":63,"column":4},"end":{"line":80,"column":5}},{"start":{"line":63,"column":4},"end":{"line":80,"column":5}}],"line":63},"1":{"loc":{"start":{"line":82,"column":4},"end":{"line":90,"column":5}},"type":"if","locations":[{"start":{"line":82,"column":4},"end":{"line":90,"column":5}},{"start":{"line":82,"column":4},"end":{"line":90,"column":5}}],"line":82},"2":{"loc":{"start":{"line":92,"column":4},"end":{"line":101,"column":5}},"type":"if","locations":[{"start":{"line":92,"column":4},"end":{"line":101,"column":5}},{"start":{"line":92,"column":4},"end":{"line":101,"column":5}}],"line":92},"3":{"loc":{"start":{"line":103,"column":4},"end":{"line":115,"column":5}},"type":"if","locations":[{"start":{"line":103,"column":4},"end":{"line":115,"column":5}},{"start":{"line":103,"column":4},"end":{"line":115,"column":5}}],"line":103},"4":{"loc":{"start":{"line":117,"column":4},"end":{"line":124,"column":5}},"type":"if","locations":[{"start":{"line":117,"column":4},"end":{"line":124,"column":5}},{"start":{"line":117,"column":4},"end":{"line":124,"column":5}}],"line":117},"5":{"loc":{"start":{"line":174,"column":27},"end":{"line":174,"column":48}},"type":"binary-expr","locations":[{"start":{"line":174,"column":27},"end":{"line":174,"column":35}},{"start":{"line":174,"column":39},"end":{"line":174,"column":48}}],"line":174}},"s":{"0":51,"1":51,"2":15,"3":15,"4":4,"5":4,"6":16,"7":4,"8":5,"9":5,"10":4,"11":4,"12":4,"13":4,"14":4,"15":5,"16":2,"17":2,"18":2,"19":5,"20":2,"21":2,"22":2,"23":5,"24":2,"25":2,"26":2,"27":5,"28":3,"29":3,"30":5,"31":24,"32":24,"33":89,"34":24,"35":1,"36":1,"37":1,"38":1,"39":1,"40":1,"41":1,"42":2,"43":1,"44":1,"45":1,"46":0,"47":0,"48":0,"49":0,"50":0,"51":0,"52":0,"53":0,"54":0,"55":0,"56":0,"57":0,"58":0,"59":0,"60":0,"61":0,"62":0,"63":2,"64":2,"65":2,"66":2,"67":2,"68":2,"69":2,"70":2,"71":2,"72":2,"73":2,"74":2,"75":2,"76":2,"77":2,"78":2,"79":2,"80":1},"f":{"0":51,"1":15,"2":4,"3":16,"4":5,"5":24,"6":89,"7":1,"8":1,"9":1,"10":1,"11":2,"12":0,"13":0,"14":2,"15":2,"16":2,"17":2},"b":{"0":[4,1],"1":[2,3],"2":[2,3],"3":[2,3],"4":[3,2],"5":[1,0]},"_coverageSchema":"43e27e138ebf9cfc5966b082cf9a028302ed4184","hash":"5af93e17748a3b84a5e0222c8b55154c00409f49","contentHash":"88bcde6d5a99b6c93041363e6d4b2bea5897e93c99258ccc2a508c8391ff9557"},"/Users/michaelbenowitz/work/sfr-proj/sfr-proj/app/sfr-search-api/helpers/esSourceHelpers.js":{"path":"/Users/michaelbenowitz/work/sfr-proj/sfr-proj/app/sfr-search-api/helpers/esSourceHelpers.js","statementMap":{"0":{"start":{"line":8,"column":35},"end":{"line":23,"column":1}},"1":{"start":{"line":9,"column":2},"end":{"line":22,"column":4}},"2":{"start":{"line":10,"column":22},"end":{"line":10,"column":72}},"3":{"start":{"line":11,"column":20},"end":{"line":11,"column":71}},"4":{"start":{"line":13,"column":23},"end":{"line":13,"column":25}},"5":{"start":{"line":14,"column":4},"end":{"line":18,"column":5}},"6":{"start":{"line":15,"column":6},"end":{"line":15,"column":48}},"7":{"start":{"line":17,"column":6},"end":{"line":17,"column":30}},"8":{"start":{"line":21,"column":4},"end":{"line":21,"column":44}},"9":{"start":{"line":25,"column":41},"end":{"line":37,"column":1}},"10":{"start":{"line":26,"column":20},"end":{"line":26,"column":70}},"11":{"start":{"line":27,"column":18},"end":{"line":27,"column":69}},"12":{"start":{"line":29,"column":21},"end":{"line":29,"column":23}},"13":{"start":{"line":30,"column":2},"end":{"line":34,"column":3}},"14":{"start":{"line":31,"column":4},"end":{"line":31,"column":46}},"15":{"start":{"line":33,"column":4},"end":{"line":33,"column":28}},"16":{"start":{"line":36,"column":2},"end":{"line":36,"column":21}},"17":{"start":{"line":50,"column":29},"end":{"line":67,"column":1}},"18":{"start":{"line":53,"column":2},"end":{"line":53,"column":47}},"19":{"start":{"line":53,"column":32},"end":{"line":53,"column":45}},"20":{"start":{"line":54,"column":25},"end":{"line":54,"column":67}},"21":{"start":{"line":54,"column":57},"end":{"line":54,"column":65}},"22":{"start":{"line":55,"column":24},"end":{"line":57,"column":44}},"23":{"start":{"line":57,"column":23},"end":{"line":57,"column":40}},"24":{"start":{"line":58,"column":2},"end":{"line":62,"column":3}},"25":{"start":{"line":59,"column":4},"end":{"line":59,"column":73}},"26":{"start":{"line":61,"column":4},"end":{"line":61,"column":17}},"27":{"start":{"line":64,"column":2},"end":{"line":64,"column":36}},"28":{"start":{"line":64,"column":21},"end":{"line":64,"column":34}},"29":{"start":{"line":65,"column":2},"end":{"line":65,"column":13}},"30":{"start":{"line":80,"column":24},"end":{"line":108,"column":1}},"31":{"start":{"line":91,"column":25},"end":{"line":106,"column":3}},"32":{"start":{"line":92,"column":4},"end":{"line":92,"column":44}},"33":{"start":{"line":92,"column":36},"end":{"line":92,"column":44}},"34":{"start":{"line":93,"column":4},"end":{"line":93,"column":41}},"35":{"start":{"line":93,"column":21},"end":{"line":93,"column":41}},"36":{"start":{"line":94,"column":4},"end":{"line":94,"column":40}},"37":{"start":{"line":94,"column":21},"end":{"line":94,"column":40}},"38":{"start":{"line":96,"column":4},"end":{"line":96,"column":64}},"39":{"start":{"line":96,"column":56},"end":{"line":96,"column":64}},"40":{"start":{"line":97,"column":4},"end":{"line":97,"column":51}},"41":{"start":{"line":97,"column":31},"end":{"line":97,"column":51}},"42":{"start":{"line":98,"column":4},"end":{"line":98,"column":50}},"43":{"start":{"line":98,"column":31},"end":{"line":98,"column":50}},"44":{"start":{"line":100,"column":15},"end":{"line":100,"column":68}},"45":{"start":{"line":101,"column":15},"end":{"line":101,"column":68}},"46":{"start":{"line":103,"column":4},"end":{"line":103,"column":36}},"47":{"start":{"line":103,"column":17},"end":{"line":103,"column":36}},"48":{"start":{"line":104,"column":4},"end":{"line":104,"column":37}},"49":{"start":{"line":104,"column":17},"end":{"line":104,"column":37}},"50":{"start":{"line":105,"column":4},"end":{"line":105,"column":12}},"51":{"start":{"line":107,"column":2},"end":{"line":107,"column":23}},"52":{"start":{"line":110,"column":20},"end":{"line":150,"column":1}},"53":{"start":{"line":111,"column":22},"end":{"line":122,"column":3}},"54":{"start":{"line":112,"column":4},"end":{"line":117,"column":5}},"55":{"start":{"line":113,"column":6},"end":{"line":116,"column":8}},"56":{"start":{"line":115,"column":8},"end":{"line":115,"column":62}},"57":{"start":{"line":118,"column":4},"end":{"line":118,"column":39}},"58":{"start":{"line":119,"column":4},"end":{"line":119,"column":22}},"59":{"start":{"line":120,"column":4},"end":{"line":120,"column":21}},"60":{"start":{"line":121,"column":4},"end":{"line":121,"column":16}},"61":{"start":{"line":124,"column":22},"end":{"line":140,"column":3}},"62":{"start":{"line":125,"column":26},"end":{"line":125,"column":28}},"63":{"start":{"line":127,"column":4},"end":{"line":134,"column":5}},"64":{"start":{"line":127,"column":17},"end":{"line":127,"column":18}},"65":{"start":{"line":128,"column":23},"end":{"line":128,"column":71}},"66":{"start":{"line":129,"column":6},"end":{"line":133,"column":7}},"67":{"start":{"line":130,"column":8},"end":{"line":130,"column":42}},"68":{"start":{"line":132,"column":8},"end":{"line":132,"column":50}},"69":{"start":{"line":135,"column":4},"end":{"line":137,"column":6}},"70":{"start":{"line":136,"column":6},"end":{"line":136,"column":43}},"71":{"start":{"line":139,"column":4},"end":{"line":139,"column":24}},"72":{"start":{"line":142,"column":2},"end":{"line":144,"column":3}},"73":{"start":{"line":143,"column":4},"end":{"line":143,"column":42}},"74":{"start":{"line":145,"column":2},"end":{"line":149,"column":4}},"75":{"start":{"line":146,"column":4},"end":{"line":148,"column":5}},"76":{"start":{"line":147,"column":6},"end":{"line":147,"column":46}},"77":{"start":{"line":152,"column":19},"end":{"line":175,"column":1}},"78":{"start":{"line":153,"column":2},"end":{"line":174,"column":4}},"79":{"start":{"line":154,"column":4},"end":{"line":173,"column":5}},"80":{"start":{"line":155,"column":6},"end":{"line":171,"column":8}},"81":{"start":{"line":156,"column":8},"end":{"line":170,"column":9}},"82":{"start":{"line":157,"column":10},"end":{"line":169,"column":12}},"83":{"start":{"line":159,"column":12},"end":{"line":164,"column":13}},"84":{"start":{"line":160,"column":14},"end":{"line":160,"column":44}},"85":{"start":{"line":163,"column":14},"end":{"line":163,"column":32}},"86":{"start":{"line":165,"column":12},"end":{"line":167,"column":14}},"87":{"start":{"line":166,"column":14},"end":{"line":166,"column":36}},"88":{"start":{"line":168,"column":12},"end":{"line":168,"column":29}},"89":{"start":{"line":172,"column":6},"end":{"line":172,"column":67}},"90":{"start":{"line":172,"column":47},"end":{"line":172,"column":66}},"91":{"start":{"line":177,"column":19},"end":{"line":201,"column":1}},"92":{"start":{"line":178,"column":2},"end":{"line":200,"column":3}},"93":{"start":{"line":179,"column":22},"end":{"line":179,"column":35}},"94":{"start":{"line":181,"column":4},"end":{"line":187,"column":5}},"95":{"start":{"line":181,"column":17},"end":{"line":181,"column":18}},"96":{"start":{"line":182,"column":24},"end":{"line":182,"column":57}},"97":{"start":{"line":184,"column":6},"end":{"line":184,"column":38}},"98":{"start":{"line":184,"column":30},"end":{"line":184,"column":38}},"99":{"start":{"line":185,"column":22},"end":{"line":185,"column":51}},"100":{"start":{"line":186,"column":6},"end":{"line":186,"column":49}},"101":{"start":{"line":190,"column":4},"end":{"line":199,"column":5}},"102":{"start":{"line":190,"column":17},"end":{"line":190,"column":18}},"103":{"start":{"line":191,"column":6},"end":{"line":198,"column":7}},"104":{"start":{"line":192,"column":24},"end":{"line":192,"column":93}},"105":{"start":{"line":192,"column":58},"end":{"line":192,"column":92}},"106":{"start":{"line":193,"column":8},"end":{"line":196,"column":9}},"107":{"start":{"line":194,"column":10},"end":{"line":194,"column":57}},"108":{"start":{"line":195,"column":10},"end":{"line":195,"column":67}},"109":{"start":{"line":197,"column":8},"end":{"line":197,"column":38}},"110":{"start":{"line":205,"column":2},"end":{"line":205,"column":65}},"111":{"start":{"line":208,"column":0},"end":{"line":216,"column":1}}},"fnMap":{"0":{"name":"(anonymous_0)","decl":{"start":{"line":8,"column":35},"end":{"line":8,"column":36}},"loc":{"start":{"line":8,"column":45},"end":{"line":23,"column":1}},"line":8},"1":{"name":"(anonymous_1)","decl":{"start":{"line":9,"column":25},"end":{"line":9,"column":26}},"loc":{"start":{"line":9,"column":34},"end":{"line":22,"column":3}},"line":9},"2":{"name":"(anonymous_2)","decl":{"start":{"line":25,"column":41},"end":{"line":25,"column":42}},"loc":{"start":{"line":25,"column":50},"end":{"line":37,"column":1}},"line":25},"3":{"name":"(anonymous_3)","decl":{"start":{"line":50,"column":29},"end":{"line":50,"column":30}},"loc":{"start":{"line":50,"column":51},"end":{"line":67,"column":1}},"line":50},"4":{"name":"(anonymous_4)","decl":{"start":{"line":54,"column":51},"end":{"line":54,"column":52}},"loc":{"start":{"line":54,"column":57},"end":{"line":54,"column":65}},"line":54},"5":{"name":"(anonymous_5)","decl":{"start":{"line":57,"column":11},"end":{"line":57,"column":12}},"loc":{"start":{"line":57,"column":23},"end":{"line":57,"column":40}},"line":57},"6":{"name":"(anonymous_6)","decl":{"start":{"line":80,"column":24},"end":{"line":80,"column":25}},"loc":{"start":{"line":80,"column":48},"end":{"line":108,"column":1}},"line":80},"7":{"name":"(anonymous_7)","decl":{"start":{"line":91,"column":25},"end":{"line":91,"column":26}},"loc":{"start":{"line":91,"column":35},"end":{"line":106,"column":3}},"line":91},"8":{"name":"(anonymous_8)","decl":{"start":{"line":110,"column":20},"end":{"line":110,"column":21}},"loc":{"start":{"line":110,"column":42},"end":{"line":150,"column":1}},"line":110},"9":{"name":"(anonymous_9)","decl":{"start":{"line":111,"column":22},"end":{"line":111,"column":23}},"loc":{"start":{"line":111,"column":33},"end":{"line":122,"column":3}},"line":111},"10":{"name":"(anonymous_10)","decl":{"start":{"line":113,"column":26},"end":{"line":113,"column":27}},"loc":{"start":{"line":113,"column":36},"end":{"line":116,"column":7}},"line":113},"11":{"name":"(anonymous_11)","decl":{"start":{"line":124,"column":22},"end":{"line":124,"column":23}},"loc":{"start":{"line":124,"column":34},"end":{"line":140,"column":3}},"line":124},"12":{"name":"(anonymous_12)","decl":{"start":{"line":135,"column":26},"end":{"line":135,"column":27}},"loc":{"start":{"line":135,"column":37},"end":{"line":137,"column":5}},"line":135},"13":{"name":"(anonymous_13)","decl":{"start":{"line":145,"column":27},"end":{"line":145,"column":28}},"loc":{"start":{"line":145,"column":38},"end":{"line":149,"column":3}},"line":145},"14":{"name":"(anonymous_14)","decl":{"start":{"line":152,"column":19},"end":{"line":152,"column":20}},"loc":{"start":{"line":152,"column":41},"end":{"line":175,"column":1}},"line":152},"15":{"name":"(anonymous_15)","decl":{"start":{"line":153,"column":27},"end":{"line":153,"column":28}},"loc":{"start":{"line":153,"column":38},"end":{"line":174,"column":3}},"line":153},"16":{"name":"(anonymous_16)","decl":{"start":{"line":155,"column":26},"end":{"line":155,"column":27}},"loc":{"start":{"line":155,"column":36},"end":{"line":171,"column":7}},"line":155},"17":{"name":"(anonymous_17)","decl":{"start":{"line":157,"column":29},"end":{"line":157,"column":30}},"loc":{"start":{"line":157,"column":39},"end":{"line":169,"column":11}},"line":157},"18":{"name":"(anonymous_18)","decl":{"start":{"line":165,"column":39},"end":{"line":165,"column":40}},"loc":{"start":{"line":165,"column":48},"end":{"line":167,"column":13}},"line":165},"19":{"name":"(anonymous_19)","decl":{"start":{"line":172,"column":39},"end":{"line":172,"column":40}},"loc":{"start":{"line":172,"column":47},"end":{"line":172,"column":66}},"line":172},"20":{"name":"(anonymous_20)","decl":{"start":{"line":177,"column":19},"end":{"line":177,"column":20}},"loc":{"start":{"line":177,"column":41},"end":{"line":201,"column":1}},"line":177},"21":{"name":"(anonymous_21)","decl":{"start":{"line":192,"column":53},"end":{"line":192,"column":54}},"loc":{"start":{"line":192,"column":58},"end":{"line":192,"column":92}},"line":192},"22":{"name":"findMatchingAgent","decl":{"start":{"line":204,"column":9},"end":{"line":204,"column":26}},"loc":{"start":{"line":204,"column":36},"end":{"line":206,"column":1}},"line":204}},"branchMap":{"0":{"loc":{"start":{"line":14,"column":4},"end":{"line":18,"column":5}},"type":"if","locations":[{"start":{"line":14,"column":4},"end":{"line":18,"column":5}},{"start":{"line":14,"column":4},"end":{"line":18,"column":5}}],"line":14},"1":{"loc":{"start":{"line":30,"column":2},"end":{"line":34,"column":3}},"type":"if","locations":[{"start":{"line":30,"column":2},"end":{"line":34,"column":3}},{"start":{"line":30,"column":2},"end":{"line":34,"column":3}}],"line":30},"2":{"loc":{"start":{"line":53,"column":2},"end":{"line":53,"column":47}},"type":"if","locations":[{"start":{"line":53,"column":2},"end":{"line":53,"column":47}},{"start":{"line":53,"column":2},"end":{"line":53,"column":47}}],"line":53},"3":{"loc":{"start":{"line":58,"column":2},"end":{"line":62,"column":3}},"type":"if","locations":[{"start":{"line":58,"column":2},"end":{"line":62,"column":3}},{"start":{"line":58,"column":2},"end":{"line":62,"column":3}}],"line":58},"4":{"loc":{"start":{"line":64,"column":2},"end":{"line":64,"column":36}},"type":"if","locations":[{"start":{"line":64,"column":2},"end":{"line":64,"column":36}},{"start":{"line":64,"column":2},"end":{"line":64,"column":36}}],"line":64},"5":{"loc":{"start":{"line":92,"column":4},"end":{"line":92,"column":44}},"type":"if","locations":[{"start":{"line":92,"column":4},"end":{"line":92,"column":44}},{"start":{"line":92,"column":4},"end":{"line":92,"column":44}}],"line":92},"6":{"loc":{"start":{"line":92,"column":8},"end":{"line":92,"column":34}},"type":"binary-expr","locations":[{"start":{"line":92,"column":8},"end":{"line":92,"column":19}},{"start":{"line":92,"column":23},"end":{"line":92,"column":34}}],"line":92},"7":{"loc":{"start":{"line":93,"column":4},"end":{"line":93,"column":41}},"type":"if","locations":[{"start":{"line":93,"column":4},"end":{"line":93,"column":41}},{"start":{"line":93,"column":4},"end":{"line":93,"column":41}}],"line":93},"8":{"loc":{"start":{"line":94,"column":4},"end":{"line":94,"column":40}},"type":"if","locations":[{"start":{"line":94,"column":4},"end":{"line":94,"column":40}},{"start":{"line":94,"column":4},"end":{"line":94,"column":40}}],"line":94},"9":{"loc":{"start":{"line":96,"column":4},"end":{"line":96,"column":64}},"type":"if","locations":[{"start":{"line":96,"column":4},"end":{"line":96,"column":64}},{"start":{"line":96,"column":4},"end":{"line":96,"column":64}}],"line":96},"10":{"loc":{"start":{"line":96,"column":8},"end":{"line":96,"column":54}},"type":"binary-expr","locations":[{"start":{"line":96,"column":8},"end":{"line":96,"column":29}},{"start":{"line":96,"column":33},"end":{"line":96,"column":54}}],"line":96},"11":{"loc":{"start":{"line":97,"column":4},"end":{"line":97,"column":51}},"type":"if","locations":[{"start":{"line":97,"column":4},"end":{"line":97,"column":51}},{"start":{"line":97,"column":4},"end":{"line":97,"column":51}}],"line":97},"12":{"loc":{"start":{"line":98,"column":4},"end":{"line":98,"column":50}},"type":"if","locations":[{"start":{"line":98,"column":4},"end":{"line":98,"column":50}},{"start":{"line":98,"column":4},"end":{"line":98,"column":50}}],"line":98},"13":{"loc":{"start":{"line":103,"column":4},"end":{"line":103,"column":36}},"type":"if","locations":[{"start":{"line":103,"column":4},"end":{"line":103,"column":36}},{"start":{"line":103,"column":4},"end":{"line":103,"column":36}}],"line":103},"14":{"loc":{"start":{"line":104,"column":4},"end":{"line":104,"column":37}},"type":"if","locations":[{"start":{"line":104,"column":4},"end":{"line":104,"column":37}},{"start":{"line":104,"column":4},"end":{"line":104,"column":37}}],"line":104},"15":{"loc":{"start":{"line":112,"column":4},"end":{"line":117,"column":5}},"type":"if","locations":[{"start":{"line":112,"column":4},"end":{"line":117,"column":5}},{"start":{"line":112,"column":4},"end":{"line":117,"column":5}}],"line":112},"16":{"loc":{"start":{"line":129,"column":6},"end":{"line":133,"column":7}},"type":"if","locations":[{"start":{"line":129,"column":6},"end":{"line":133,"column":7}},{"start":{"line":129,"column":6},"end":{"line":133,"column":7}}],"line":129},"17":{"loc":{"start":{"line":142,"column":2},"end":{"line":144,"column":3}},"type":"if","locations":[{"start":{"line":142,"column":2},"end":{"line":144,"column":3}},{"start":{"line":142,"column":2},"end":{"line":144,"column":3}}],"line":142},"18":{"loc":{"start":{"line":146,"column":4},"end":{"line":148,"column":5}},"type":"if","locations":[{"start":{"line":146,"column":4},"end":{"line":148,"column":5}},{"start":{"line":146,"column":4},"end":{"line":148,"column":5}}],"line":146},"19":{"loc":{"start":{"line":154,"column":4},"end":{"line":173,"column":5}},"type":"if","locations":[{"start":{"line":154,"column":4},"end":{"line":173,"column":5}},{"start":{"line":154,"column":4},"end":{"line":173,"column":5}}],"line":154},"20":{"loc":{"start":{"line":156,"column":8},"end":{"line":170,"column":9}},"type":"if","locations":[{"start":{"line":156,"column":8},"end":{"line":170,"column":9}},{"start":{"line":156,"column":8},"end":{"line":170,"column":9}}],"line":156},"21":{"loc":{"start":{"line":178,"column":2},"end":{"line":200,"column":3}},"type":"if","locations":[{"start":{"line":178,"column":2},"end":{"line":200,"column":3}},{"start":{"line":178,"column":2},"end":{"line":200,"column":3}}],"line":178},"22":{"loc":{"start":{"line":184,"column":6},"end":{"line":184,"column":38}},"type":"if","locations":[{"start":{"line":184,"column":6},"end":{"line":184,"column":38}},{"start":{"line":184,"column":6},"end":{"line":184,"column":38}}],"line":184},"23":{"loc":{"start":{"line":191,"column":6},"end":{"line":198,"column":7}},"type":"if","locations":[{"start":{"line":191,"column":6},"end":{"line":198,"column":7}},{"start":{"line":191,"column":6},"end":{"line":198,"column":7}}],"line":191},"24":{"loc":{"start":{"line":193,"column":8},"end":{"line":196,"column":9}},"type":"if","locations":[{"start":{"line":193,"column":8},"end":{"line":196,"column":9}},{"start":{"line":193,"column":8},"end":{"line":196,"column":9}}],"line":193},"25":{"loc":{"start":{"line":205,"column":9},"end":{"line":205,"column":65}},"type":"binary-expr","locations":[{"start":{"line":205,"column":9},"end":{"line":205,"column":35}},{"start":{"line":205,"column":39},"end":{"line":205,"column":65}}],"line":205}},"s":{"0":1,"1":3,"2":4,"3":4,"4":4,"5":4,"6":1,"7":3,"8":4,"9":1,"10":3,"11":3,"12":3,"13":3,"14":0,"15":3,"16":3,"17":1,"18":16,"19":2,"20":14,"21":6,"22":14,"23":6,"24":14,"25":2,"26":12,"27":14,"28":12,"29":14,"30":1,"31":11,"32":1,"33":0,"34":1,"35":0,"36":1,"37":0,"38":1,"39":0,"40":1,"41":0,"42":1,"43":0,"44":1,"45":1,"46":1,"47":0,"48":1,"49":1,"50":0,"51":11,"52":1,"53":2,"54":0,"55":0,"56":0,"57":0,"58":0,"59":0,"60":0,"61":2,"62":0,"63":0,"64":0,"65":0,"66":0,"67":0,"68":0,"69":0,"70":0,"71":0,"72":2,"73":0,"74":2,"75":2,"76":0,"77":1,"78":4,"79":4,"80":4,"81":2,"82":1,"83":1,"84":1,"85":0,"86":1,"87":1,"88":1,"89":4,"90":2,"91":1,"92":2,"93":2,"94":2,"95":2,"96":2,"97":2,"98":0,"99":2,"100":2,"101":0,"102":0,"103":0,"104":0,"105":0,"106":0,"107":0,"108":0,"109":0,"110":0,"111":1},"f":{"0":3,"1":4,"2":3,"3":16,"4":6,"5":6,"6":11,"7":1,"8":2,"9":0,"10":0,"11":0,"12":0,"13":2,"14":4,"15":4,"16":2,"17":1,"18":1,"19":2,"20":2,"21":0,"22":0},"b":{"0":[1,3],"1":[0,3],"2":[2,14],"3":[2,12],"4":[12,2],"5":[0,1],"6":[1,0],"7":[0,1],"8":[0,1],"9":[0,1],"10":[1,0],"11":[0,1],"12":[0,1],"13":[0,1],"14":[1,0],"15":[0,0],"16":[0,0],"17":[0,2],"18":[0,2],"19":[4,0],"20":[1,1],"21":[2,0],"22":[0,2],"23":[0,0],"24":[0,0],"25":[0,0]},"_coverageSchema":"43e27e138ebf9cfc5966b082cf9a028302ed4184","hash":"c8dc66a4f6b5abff44b74dd411b9edb49aba42de","contentHash":"50945cb2b3ace8c3a376903b469f429e5b8c68c1dc17960f57b363cae5b896ae"},"/Users/michaelbenowitz/work/sfr-proj/sfr-proj/app/sfr-search-api/routes/v2/v2.js":{"path":"/Users/michaelbenowitz/work/sfr-proj/sfr-proj/app/sfr-search-api/routes/v2/v2.js","statementMap":{"0":{"start":{"line":1,"column":16},"end":{"line":1,"column":34}},"1":{"start":{"line":2,"column":22},"end":{"line":2,"column":46}},"2":{"start":{"line":3,"column":15},"end":{"line":3,"column":42}},"3":{"start":{"line":4,"column":14},"end":{"line":4,"column":43}},"4":{"start":{"line":5,"column":28},"end":{"line":5,"column":47}},"5":{"start":{"line":6,"column":26},"end":{"line":6,"column":43}},"6":{"start":{"line":7,"column":26},"end":{"line":7,"column":44}},"7":{"start":{"line":10,"column":17},"end":{"line":10,"column":33}},"8":{"start":{"line":13,"column":0},"end":{"line":13,"column":24}},"9":{"start":{"line":16,"column":0},"end":{"line":18,"column":2}},"10":{"start":{"line":21,"column":0},"end":{"line":26,"column":2}},"11":{"start":{"line":22,"column":2},"end":{"line":25,"column":4}},"12":{"start":{"line":35,"column":16},"end":{"line":45,"column":1}},"13":{"start":{"line":36,"column":22},"end":{"line":36,"column":40}},"14":{"start":{"line":38,"column":13},"end":{"line":38,"column":18}},"15":{"start":{"line":39,"column":2},"end":{"line":39,"column":73}},"16":{"start":{"line":39,"column":36},"end":{"line":39,"column":73}},"17":{"start":{"line":41,"column":2},"end":{"line":41,"column":69}},"18":{"start":{"line":42,"column":2},"end":{"line":42,"column":23}},"19":{"start":{"line":43,"column":2},"end":{"line":43,"column":28}},"20":{"start":{"line":44,"column":2},"end":{"line":44,"column":13}},"21":{"start":{"line":53,"column":20},"end":{"line":72,"column":1}},"22":{"start":{"line":54,"column":2},"end":{"line":54,"column":56}},"23":{"start":{"line":55,"column":19},"end":{"line":55,"column":22}},"24":{"start":{"line":56,"column":2},"end":{"line":65,"column":3}},"25":{"start":{"line":58,"column":6},"end":{"line":58,"column":22}},"26":{"start":{"line":59,"column":6},"end":{"line":59,"column":11}},"27":{"start":{"line":61,"column":6},"end":{"line":61,"column":22}},"28":{"start":{"line":62,"column":6},"end":{"line":62,"column":11}},"29":{"start":{"line":64,"column":6},"end":{"line":64,"column":22}},"30":{"start":{"line":66,"column":2},"end":{"line":70,"column":4}},"31":{"start":{"line":71,"column":2},"end":{"line":71,"column":14}},"32":{"start":{"line":75,"column":0},"end":{"line":75,"column":47}},"33":{"start":{"line":76,"column":0},"end":{"line":76,"column":45}},"34":{"start":{"line":77,"column":0},"end":{"line":77,"column":45}},"35":{"start":{"line":79,"column":0},"end":{"line":79,"column":51}}},"fnMap":{"0":{"name":"(anonymous_0)","decl":{"start":{"line":21,"column":18},"end":{"line":21,"column":19}},"loc":{"start":{"line":21,"column":32},"end":{"line":26,"column":1}},"line":21},"1":{"name":"(anonymous_1)","decl":{"start":{"line":35,"column":16},"end":{"line":35,"column":17}},"loc":{"start":{"line":35,"column":40},"end":{"line":45,"column":1}},"line":35},"2":{"name":"(anonymous_2)","decl":{"start":{"line":53,"column":20},"end":{"line":53,"column":21}},"loc":{"start":{"line":53,"column":36},"end":{"line":72,"column":1}},"line":53}},"branchMap":{"0":{"loc":{"start":{"line":39,"column":2},"end":{"line":39,"column":73}},"type":"if","locations":[{"start":{"line":39,"column":2},"end":{"line":39,"column":73}},{"start":{"line":39,"column":2},"end":{"line":39,"column":73}}],"line":39},"1":{"loc":{"start":{"line":56,"column":2},"end":{"line":65,"column":3}},"type":"switch","locations":[{"start":{"line":57,"column":4},"end":{"line":59,"column":11}},{"start":{"line":60,"column":4},"end":{"line":62,"column":11}},{"start":{"line":63,"column":4},"end":{"line":64,"column":22}}],"line":56},"2":{"loc":{"start":{"line":69,"column":11},"end":{"line":69,"column":48}},"type":"cond-expr","locations":[{"start":{"line":69,"column":27},"end":{"line":69,"column":40}},{"start":{"line":69,"column":43},"end":{"line":69,"column":48}}],"line":69}},"s":{"0":1,"1":1,"2":1,"3":1,"4":1,"5":1,"6":1,"7":1,"8":1,"9":1,"10":1,"11":1,"12":1,"13":6,"14":6,"15":6,"16":6,"17":6,"18":6,"19":6,"20":6,"21":1,"22":2,"23":2,"24":2,"25":0,"26":0,"27":1,"28":1,"29":1,"30":2,"31":2,"32":1,"33":1,"34":1,"35":1},"f":{"0":1,"1":6,"2":2},"b":{"0":[6,0],"1":[0,1,1],"2":[2,0]},"_coverageSchema":"43e27e138ebf9cfc5966b082cf9a028302ed4184","hash":"7a8ed0388d355a13bca3b49b202a77bc2010ff41","contentHash":"fb4b03b6f0e8da5bf5ceb7f39e423d0d89dc40b29d60eed145c69e0488a515ff"},"/Users/michaelbenowitz/work/sfr-proj/sfr-proj/app/sfr-search-api/routes/v2/search.js":{"path":"/Users/michaelbenowitz/work/sfr-proj/sfr-proj/app/sfr-search-api/routes/v2/search.js","statementMap":{"0":{"start":{"line":1,"column":19},"end":{"line":1,"column":46}},"1":{"start":{"line":12,"column":24},"end":{"line":42,"column":1}},"2":{"start":{"line":13,"column":2},"end":{"line":26,"column":4}},"3":{"start":{"line":14,"column":19},"end":{"line":14,"column":27}},"4":{"start":{"line":16,"column":21},"end":{"line":16,"column":44}},"5":{"start":{"line":18,"column":4},"end":{"line":25,"column":5}},"6":{"start":{"line":19,"column":6},"end":{"line":19,"column":28}},"7":{"start":{"line":20,"column":6},"end":{"line":20,"column":32}},"8":{"start":{"line":21,"column":24},"end":{"line":21,"column":51}},"9":{"start":{"line":22,"column":6},"end":{"line":22,"column":37}},"10":{"start":{"line":24,"column":6},"end":{"line":24,"column":27}},"11":{"start":{"line":28,"column":2},"end":{"line":41,"column":4}},"12":{"start":{"line":29,"column":19},"end":{"line":29,"column":28}},"13":{"start":{"line":31,"column":21},"end":{"line":31,"column":44}},"14":{"start":{"line":33,"column":4},"end":{"line":40,"column":5}},"15":{"start":{"line":34,"column":6},"end":{"line":34,"column":28}},"16":{"start":{"line":35,"column":6},"end":{"line":35,"column":32}},"17":{"start":{"line":36,"column":24},"end":{"line":36,"column":51}},"18":{"start":{"line":37,"column":6},"end":{"line":37,"column":37}},"19":{"start":{"line":39,"column":6},"end":{"line":39,"column":27}},"20":{"start":{"line":44,"column":0},"end":{"line":44,"column":36}}},"fnMap":{"0":{"name":"(anonymous_0)","decl":{"start":{"line":12,"column":24},"end":{"line":12,"column":25}},"loc":{"start":{"line":12,"column":55},"end":{"line":42,"column":1}},"line":12},"1":{"name":"(anonymous_1)","decl":{"start":{"line":13,"column":26},"end":{"line":13,"column":27}},"loc":{"start":{"line":13,"column":46},"end":{"line":26,"column":3}},"line":13},"2":{"name":"(anonymous_2)","decl":{"start":{"line":28,"column":25},"end":{"line":28,"column":26}},"loc":{"start":{"line":28,"column":45},"end":{"line":41,"column":3}},"line":28}},"branchMap":{},"s":{"0":1,"1":1,"2":1,"3":1,"4":1,"5":1,"6":1,"7":1,"8":1,"9":1,"10":0,"11":1,"12":1,"13":1,"14":1,"15":1,"16":1,"17":1,"18":1,"19":0,"20":1},"f":{"0":1,"1":1,"2":1},"b":{},"_coverageSchema":"43e27e138ebf9cfc5966b082cf9a028302ed4184","hash":"7f58bd1be56cac88bb861052a9418c8d5b8892b2","contentHash":"faf5f428e4eeeb81433444a190cb39f767fcba466a94187b7b584f2eb7b7742a"},"/Users/michaelbenowitz/work/sfr-proj/sfr-proj/app/sfr-search-api/lib/search.js":{"path":"/Users/michaelbenowitz/work/sfr-proj/sfr-proj/app/sfr-search-api/lib/search.js","statementMap":{"0":{"start":{"line":1,"column":20},"end":{"line":1,"column":42}},"1":{"start":{"line":2,"column":50},"end":{"line":2,"column":69}},"2":{"start":{"line":3,"column":16},"end":{"line":3,"column":53}},"3":{"start":{"line":8,"column":23},"end":{"line":17,"column":1}},"4":{"start":{"line":19,"column":26},"end":{"line":23,"column":1}},"5":{"start":{"line":34,"column":4},"end":{"line":34,"column":18}},"6":{"start":{"line":35,"column":4},"end":{"line":35,"column":24}},"7":{"start":{"line":36,"column":4},"end":{"line":36,"column":33}},"8":{"start":{"line":38,"column":4},"end":{"line":38,"column":31}},"9":{"start":{"line":47,"column":20},"end":{"line":50,"column":5}},"10":{"start":{"line":52,"column":4},"end":{"line":63,"column":6}},"11":{"start":{"line":53,"column":6},"end":{"line":62,"column":38}},"12":{"start":{"line":55,"column":10},"end":{"line":55,"column":58}},"13":{"start":{"line":55,"column":34},"end":{"line":55,"column":58}},"14":{"start":{"line":56,"column":10},"end":{"line":56,"column":43}},"15":{"start":{"line":57,"column":10},"end":{"line":57,"column":43}},"16":{"start":{"line":58,"column":10},"end":{"line":58,"column":50}},"17":{"start":{"line":59,"column":10},"end":{"line":59,"column":43}},"18":{"start":{"line":60,"column":10},"end":{"line":60,"column":23}},"19":{"start":{"line":62,"column":24},"end":{"line":62,"column":37}},"20":{"start":{"line":73,"column":4},"end":{"line":105,"column":6}},"21":{"start":{"line":75,"column":25},"end":{"line":75,"column":27}},"22":{"start":{"line":76,"column":6},"end":{"line":100,"column":7}},"23":{"start":{"line":77,"column":26},"end":{"line":77,"column":28}},"24":{"start":{"line":78,"column":8},"end":{"line":84,"column":10}},"25":{"start":{"line":79,"column":31},"end":{"line":79,"column":40}},"26":{"start":{"line":80,"column":10},"end":{"line":82,"column":12}},"27":{"start":{"line":81,"column":12},"end":{"line":81,"column":50}},"28":{"start":{"line":83,"column":10},"end":{"line":83,"column":38}},"29":{"start":{"line":85,"column":26},"end":{"line":85,"column":35}},"30":{"start":{"line":86,"column":8},"end":{"line":92,"column":10}},"31":{"start":{"line":87,"column":10},"end":{"line":91,"column":11}},"32":{"start":{"line":88,"column":12},"end":{"line":88,"column":58}},"33":{"start":{"line":88,"column":34},"end":{"line":88,"column":57}},"34":{"start":{"line":90,"column":12},"end":{"line":90,"column":75}},"35":{"start":{"line":90,"column":55},"end":{"line":90,"column":73}},"36":{"start":{"line":93,"column":8},"end":{"line":95,"column":10}},"37":{"start":{"line":94,"column":10},"end":{"line":94,"column":55}},"38":{"start":{"line":96,"column":8},"end":{"line":96,"column":77}},"39":{"start":{"line":98,"column":8},"end":{"line":99,"column":80}},"40":{"start":{"line":101,"column":6},"end":{"line":102,"column":72}},"41":{"start":{"line":103,"column":6},"end":{"line":103,"column":42}},"42":{"start":{"line":109,"column":4},"end":{"line":114,"column":6}},"43":{"start":{"line":110,"column":6},"end":{"line":113,"column":23}},"44":{"start":{"line":126,"column":4},"end":{"line":134,"column":5}},"45":{"start":{"line":127,"column":24},"end":{"line":127,"column":46}},"46":{"start":{"line":128,"column":23},"end":{"line":128,"column":69}},"47":{"start":{"line":130,"column":6},"end":{"line":133,"column":7}},"48":{"start":{"line":148,"column":19},"end":{"line":148,"column":21}},"49":{"start":{"line":149,"column":4},"end":{"line":158,"column":6}},"50":{"start":{"line":150,"column":20},"end":{"line":150,"column":22}},"51":{"start":{"line":151,"column":22},"end":{"line":151,"column":38}},"52":{"start":{"line":152,"column":37},"end":{"line":152,"column":92}},"53":{"start":{"line":153,"column":6},"end":{"line":155,"column":8}},"54":{"start":{"line":154,"column":8},"end":{"line":154,"column":77}},"55":{"start":{"line":156,"column":6},"end":{"line":156,"column":45}},"56":{"start":{"line":156,"column":27},"end":{"line":156,"column":44}},"57":{"start":{"line":157,"column":6},"end":{"line":157,"column":29}},"58":{"start":{"line":160,"column":4},"end":{"line":160,"column":24}},"59":{"start":{"line":161,"column":4},"end":{"line":161,"column":28}},"60":{"start":{"line":174,"column":20},"end":{"line":174,"column":36}},"61":{"start":{"line":175,"column":21},"end":{"line":175,"column":37}},"62":{"start":{"line":176,"column":4},"end":{"line":179,"column":5}},"63":{"start":{"line":177,"column":21},"end":{"line":177,"column":28}},"64":{"start":{"line":178,"column":6},"end":{"line":178,"column":61}},"65":{"start":{"line":181,"column":4},"end":{"line":181,"column":56}},"66":{"start":{"line":190,"column":4},"end":{"line":190,"column":49}},"67":{"start":{"line":191,"column":20},"end":{"line":191,"column":61}},"68":{"start":{"line":192,"column":20},"end":{"line":192,"column":70}},"69":{"start":{"line":193,"column":21},"end":{"line":193,"column":85}},"70":{"start":{"line":194,"column":21},"end":{"line":194,"column":85}},"71":{"start":{"line":195,"column":4},"end":{"line":195,"column":85}},"72":{"start":{"line":197,"column":25},"end":{"line":197,"column":42}},"73":{"start":{"line":199,"column":4},"end":{"line":199,"column":28}},"74":{"start":{"line":200,"column":4},"end":{"line":226,"column":5}},"75":{"start":{"line":201,"column":6},"end":{"line":201,"column":50}},"76":{"start":{"line":202,"column":6},"end":{"line":202,"column":35}},"77":{"start":{"line":203,"column":11},"end":{"line":226,"column":5}},"78":{"start":{"line":204,"column":6},"end":{"line":204,"column":51}},"79":{"start":{"line":205,"column":6},"end":{"line":205,"column":52}},"80":{"start":{"line":206,"column":6},"end":{"line":206,"column":24}},"81":{"start":{"line":207,"column":11},"end":{"line":226,"column":5}},"82":{"start":{"line":208,"column":6},"end":{"line":208,"column":55}},"83":{"start":{"line":209,"column":6},"end":{"line":209,"column":23}},"84":{"start":{"line":210,"column":6},"end":{"line":210,"column":52}},"85":{"start":{"line":211,"column":6},"end":{"line":211,"column":24}},"86":{"start":{"line":212,"column":6},"end":{"line":212,"column":31}},"87":{"start":{"line":213,"column":11},"end":{"line":226,"column":5}},"88":{"start":{"line":214,"column":6},"end":{"line":214,"column":50}},"89":{"start":{"line":215,"column":6},"end":{"line":215,"column":23}},"90":{"start":{"line":216,"column":6},"end":{"line":216,"column":48}},"91":{"start":{"line":217,"column":6},"end":{"line":217,"column":31}},"92":{"start":{"line":218,"column":11},"end":{"line":226,"column":5}},"93":{"start":{"line":219,"column":6},"end":{"line":219,"column":46}},"94":{"start":{"line":220,"column":26},"end":{"line":220,"column":31}},"95":{"start":{"line":221,"column":30},"end":{"line":221,"column":89}},"96":{"start":{"line":222,"column":6},"end":{"line":222,"column":59}},"97":{"start":{"line":223,"column":6},"end":{"line":223,"column":24}},"98":{"start":{"line":224,"column":6},"end":{"line":224,"column":30}},"99":{"start":{"line":225,"column":6},"end":{"line":225,"column":43}},"100":{"start":{"line":239,"column":21},"end":{"line":239,"column":90}},"101":{"start":{"line":240,"column":27},"end":{"line":240,"column":49}},"102":{"start":{"line":241,"column":4},"end":{"line":241,"column":110}},"103":{"start":{"line":242,"column":4},"end":{"line":249,"column":5}},"104":{"start":{"line":243,"column":6},"end":{"line":243,"column":55}},"105":{"start":{"line":244,"column":6},"end":{"line":244,"column":44}},"106":{"start":{"line":245,"column":6},"end":{"line":245,"column":24}},"107":{"start":{"line":246,"column":6},"end":{"line":246,"column":31}},"108":{"start":{"line":248,"column":6},"end":{"line":248,"column":38}},"109":{"start":{"line":250,"column":22},"end":{"line":250,"column":45}},"110":{"start":{"line":251,"column":19},"end":{"line":251,"column":56}},"111":{"start":{"line":253,"column":4},"end":{"line":255,"column":5}},"112":{"start":{"line":254,"column":6},"end":{"line":254,"column":89}},"113":{"start":{"line":256,"column":4},"end":{"line":256,"column":69}},"114":{"start":{"line":257,"column":4},"end":{"line":257,"column":19}},"115":{"start":{"line":265,"column":21},"end":{"line":265,"column":75}},"116":{"start":{"line":266,"column":4},"end":{"line":266,"column":25}},"117":{"start":{"line":274,"column":20},"end":{"line":274,"column":22}},"118":{"start":{"line":275,"column":21},"end":{"line":275,"column":39}},"119":{"start":{"line":276,"column":4},"end":{"line":281,"column":6}},"120":{"start":{"line":277,"column":20},"end":{"line":277,"column":37}},"121":{"start":{"line":278,"column":21},"end":{"line":278,"column":64}},"122":{"start":{"line":279,"column":6},"end":{"line":279,"column":57}},"123":{"start":{"line":280,"column":6},"end":{"line":280,"column":39}},"124":{"start":{"line":282,"column":4},"end":{"line":282,"column":28}},"125":{"start":{"line":286,"column":4},"end":{"line":288,"column":5}},"126":{"start":{"line":287,"column":6},"end":{"line":287,"column":112}},"127":{"start":{"line":290,"column":4},"end":{"line":290,"column":30}},"128":{"start":{"line":292,"column":4},"end":{"line":301,"column":5}},"129":{"start":{"line":293,"column":31},"end":{"line":293,"column":42}},"130":{"start":{"line":294,"column":6},"end":{"line":294,"column":35}},"131":{"start":{"line":296,"column":26},"end":{"line":296,"column":37}},"132":{"start":{"line":297,"column":6},"end":{"line":300,"column":8}},"133":{"start":{"line":298,"column":33},"end":{"line":298,"column":34}},"134":{"start":{"line":299,"column":8},"end":{"line":299,"column":37}},"135":{"start":{"line":303,"column":4},"end":{"line":303,"column":40}},"136":{"start":{"line":305,"column":4},"end":{"line":305,"column":21}},"137":{"start":{"line":306,"column":4},"end":{"line":306,"column":18}},"138":{"start":{"line":307,"column":4},"end":{"line":307,"column":26}},"139":{"start":{"line":311,"column":4},"end":{"line":313,"column":5}},"140":{"start":{"line":312,"column":6},"end":{"line":312,"column":106}},"141":{"start":{"line":316,"column":22},"end":{"line":316,"column":65}},"142":{"start":{"line":318,"column":4},"end":{"line":379,"column":5}},"143":{"start":{"line":320,"column":8},"end":{"line":347,"column":16}},"144":{"start":{"line":320,"column":38},"end":{"line":347,"column":15}},"145":{"start":{"line":321,"column":30},"end":{"line":347,"column":14}},"146":{"start":{"line":348,"column":8},"end":{"line":348,"column":13}},"147":{"start":{"line":351,"column":8},"end":{"line":360,"column":16}},"148":{"start":{"line":351,"column":38},"end":{"line":360,"column":15}},"149":{"start":{"line":352,"column":30},"end":{"line":360,"column":14}},"150":{"start":{"line":355,"column":14},"end":{"line":355,"column":66}},"151":{"start":{"line":359,"column":14},"end":{"line":359,"column":76}},"152":{"start":{"line":361,"column":8},"end":{"line":361,"column":13}},"153":{"start":{"line":363,"column":8},"end":{"line":363,"column":128}},"154":{"start":{"line":364,"column":8},"end":{"line":364,"column":13}},"155":{"start":{"line":366,"column":8},"end":{"line":366,"column":120}},"156":{"start":{"line":367,"column":8},"end":{"line":367,"column":13}},"157":{"start":{"line":370,"column":8},"end":{"line":377,"column":133}},"158":{"start":{"line":370,"column":38},"end":{"line":377,"column":132}},"159":{"start":{"line":371,"column":30},"end":{"line":377,"column":131}},"160":{"start":{"line":378,"column":8},"end":{"line":378,"column":13}},"161":{"start":{"line":391,"column":4},"end":{"line":437,"column":5}},"162":{"start":{"line":392,"column":20},"end":{"line":392,"column":22}},"163":{"start":{"line":393,"column":6},"end":{"line":426,"column":8}},"164":{"start":{"line":394,"column":31},"end":{"line":394,"column":35}},"165":{"start":{"line":395,"column":8},"end":{"line":425,"column":9}},"166":{"start":{"line":397,"column":12},"end":{"line":397,"column":52}},"167":{"start":{"line":398,"column":12},"end":{"line":398,"column":17}},"168":{"start":{"line":400,"column":12},"end":{"line":409,"column":14}},"169":{"start":{"line":410,"column":12},"end":{"line":410,"column":17}},"170":{"start":{"line":413,"column":30},"end":{"line":413,"column":105}},"171":{"start":{"line":414,"column":12},"end":{"line":421,"column":14}},"172":{"start":{"line":422,"column":12},"end":{"line":422,"column":17}},"173":{"start":{"line":424,"column":12},"end":{"line":424,"column":49}},"174":{"start":{"line":429,"column":6},"end":{"line":429,"column":33}},"175":{"start":{"line":430,"column":6},"end":{"line":430,"column":28}},"176":{"start":{"line":433,"column":6},"end":{"line":436,"column":8}},"177":{"start":{"line":449,"column":21},"end":{"line":449,"column":25}},"178":{"start":{"line":450,"column":23},"end":{"line":450,"column":27}},"179":{"start":{"line":451,"column":4},"end":{"line":451,"column":21}},"180":{"start":{"line":452,"column":21},"end":{"line":452,"column":116}},"181":{"start":{"line":453,"column":24},"end":{"line":453,"column":26}},"182":{"start":{"line":454,"column":4},"end":{"line":521,"column":5}},"183":{"start":{"line":456,"column":6},"end":{"line":520,"column":8}},"184":{"start":{"line":457,"column":33},"end":{"line":457,"column":39}},"185":{"start":{"line":458,"column":8},"end":{"line":519,"column":9}},"186":{"start":{"line":460,"column":12},"end":{"line":466,"column":13}},"187":{"start":{"line":461,"column":14},"end":{"line":461,"column":82}},"188":{"start":{"line":462,"column":19},"end":{"line":466,"column":13}},"189":{"start":{"line":463,"column":14},"end":{"line":463,"column":102}},"190":{"start":{"line":464,"column":19},"end":{"line":466,"column":13}},"191":{"start":{"line":465,"column":14},"end":{"line":465,"column":101}},"192":{"start":{"line":467,"column":12},"end":{"line":477,"column":14}},"193":{"start":{"line":468,"column":32},"end":{"line":468,"column":50}},"194":{"start":{"line":470,"column":14},"end":{"line":476,"column":15}},"195":{"start":{"line":471,"column":16},"end":{"line":471,"column":107}},"196":{"start":{"line":472,"column":21},"end":{"line":476,"column":15}},"197":{"start":{"line":473,"column":16},"end":{"line":473,"column":33}},"198":{"start":{"line":475,"column":16},"end":{"line":475,"column":38}},"199":{"start":{"line":479,"column":12},"end":{"line":483,"column":13}},"200":{"start":{"line":480,"column":14},"end":{"line":482,"column":15}},"201":{"start":{"line":481,"column":16},"end":{"line":481,"column":116}},"202":{"start":{"line":485,"column":12},"end":{"line":485,"column":88}},"203":{"start":{"line":487,"column":30},"end":{"line":487,"column":32}},"204":{"start":{"line":488,"column":12},"end":{"line":488,"column":100}},"205":{"start":{"line":488,"column":31},"end":{"line":488,"column":98}},"206":{"start":{"line":489,"column":12},"end":{"line":489,"column":96}},"207":{"start":{"line":489,"column":29},"end":{"line":489,"column":94}},"208":{"start":{"line":490,"column":12},"end":{"line":490,"column":41}},"209":{"start":{"line":491,"column":12},"end":{"line":491,"column":67}},"210":{"start":{"line":492,"column":12},"end":{"line":492,"column":44}},"211":{"start":{"line":493,"column":12},"end":{"line":493,"column":17}},"212":{"start":{"line":495,"column":12},"end":{"line":495,"column":69}},"213":{"start":{"line":496,"column":12},"end":{"line":496,"column":131}},"214":{"start":{"line":497,"column":12},"end":{"line":497,"column":17}},"215":{"start":{"line":499,"column":12},"end":{"line":501,"column":13}},"216":{"start":{"line":500,"column":14},"end":{"line":500,"column":93}},"217":{"start":{"line":502,"column":12},"end":{"line":502,"column":62}},"218":{"start":{"line":503,"column":12},"end":{"line":506,"column":13}},"219":{"start":{"line":504,"column":14},"end":{"line":504,"column":31}},"220":{"start":{"line":505,"column":14},"end":{"line":505,"column":40}},"221":{"start":{"line":507,"column":12},"end":{"line":507,"column":17}},"222":{"start":{"line":509,"column":12},"end":{"line":509,"column":67}},"223":{"start":{"line":510,"column":12},"end":{"line":513,"column":13}},"224":{"start":{"line":511,"column":14},"end":{"line":511,"column":81}},"225":{"start":{"line":512,"column":14},"end":{"line":512,"column":124}},"226":{"start":{"line":514,"column":12},"end":{"line":514,"column":55}},"227":{"start":{"line":515,"column":12},"end":{"line":515,"column":17}},"228":{"start":{"line":517,"column":12},"end":{"line":517,"column":73}},"229":{"start":{"line":518,"column":12},"end":{"line":518,"column":81}},"230":{"start":{"line":523,"column":4},"end":{"line":525,"column":5}},"231":{"start":{"line":524,"column":6},"end":{"line":524,"column":138}},"232":{"start":{"line":527,"column":4},"end":{"line":540,"column":5}},"233":{"start":{"line":528,"column":6},"end":{"line":539,"column":7}},"234":{"start":{"line":529,"column":8},"end":{"line":532,"column":10}},"235":{"start":{"line":530,"column":10},"end":{"line":530,"column":92}},"236":{"start":{"line":531,"column":10},"end":{"line":531,"column":18}},"237":{"start":{"line":533,"column":13},"end":{"line":539,"column":7}},"238":{"start":{"line":534,"column":8},"end":{"line":538,"column":10}},"239":{"start":{"line":535,"column":10},"end":{"line":535,"column":31}},"240":{"start":{"line":536,"column":10},"end":{"line":536,"column":91}},"241":{"start":{"line":537,"column":10},"end":{"line":537,"column":18}},"242":{"start":{"line":560,"column":4},"end":{"line":577,"column":6}},"243":{"start":{"line":561,"column":25},"end":{"line":561,"column":46}},"244":{"start":{"line":562,"column":6},"end":{"line":565,"column":7}},"245":{"start":{"line":563,"column":8},"end":{"line":563,"column":45}},"246":{"start":{"line":564,"column":8},"end":{"line":564,"column":28}},"247":{"start":{"line":566,"column":6},"end":{"line":576,"column":8}},"248":{"start":{"line":567,"column":8},"end":{"line":574,"column":9}},"249":{"start":{"line":568,"column":10},"end":{"line":571,"column":12}},"250":{"start":{"line":569,"column":12},"end":{"line":569,"column":84}},"251":{"start":{"line":570,"column":12},"end":{"line":570,"column":20}},"252":{"start":{"line":573,"column":10},"end":{"line":573,"column":82}},"253":{"start":{"line":575,"column":8},"end":{"line":575,"column":16}},"254":{"start":{"line":595,"column":4},"end":{"line":595,"column":47}},"255":{"start":{"line":595,"column":20},"end":{"line":595,"column":45}},"256":{"start":{"line":596,"column":4},"end":{"line":596,"column":47}},"257":{"start":{"line":596,"column":20},"end":{"line":596,"column":45}},"258":{"start":{"line":597,"column":4},"end":{"line":597,"column":51}},"259":{"start":{"line":597,"column":22},"end":{"line":597,"column":49}},"260":{"start":{"line":598,"column":4},"end":{"line":598,"column":70}},"261":{"start":{"line":598,"column":43},"end":{"line":598,"column":68}},"262":{"start":{"line":599,"column":4},"end":{"line":599,"column":17}},"263":{"start":{"line":610,"column":17},"end":{"line":610,"column":19}},"264":{"start":{"line":612,"column":4},"end":{"line":612,"column":37}},"265":{"start":{"line":614,"column":4},"end":{"line":619,"column":6}},"266":{"start":{"line":615,"column":6},"end":{"line":618,"column":8}},"267":{"start":{"line":616,"column":8},"end":{"line":616,"column":35}},"268":{"start":{"line":617,"column":8},"end":{"line":617,"column":16}},"269":{"start":{"line":633,"column":19},"end":{"line":633,"column":26}},"270":{"start":{"line":634,"column":4},"end":{"line":634,"column":36}},"271":{"start":{"line":635,"column":4},"end":{"line":635,"column":24}},"272":{"start":{"line":636,"column":4},"end":{"line":636,"column":17}},"273":{"start":{"line":648,"column":14},"end":{"line":648,"column":15}},"274":{"start":{"line":649,"column":27},"end":{"line":649,"column":29}},"275":{"start":{"line":650,"column":4},"end":{"line":650,"column":84}},"276":{"start":{"line":652,"column":4},"end":{"line":656,"column":5}},"277":{"start":{"line":653,"column":6},"end":{"line":653,"column":92}},"278":{"start":{"line":654,"column":6},"end":{"line":654,"column":112}},"279":{"start":{"line":655,"column":6},"end":{"line":655,"column":94}},"280":{"start":{"line":658,"column":4},"end":{"line":660,"column":5}},"281":{"start":{"line":659,"column":6},"end":{"line":659,"column":122}},"282":{"start":{"line":662,"column":4},"end":{"line":666,"column":5}},"283":{"start":{"line":663,"column":6},"end":{"line":663,"column":98}},"284":{"start":{"line":664,"column":6},"end":{"line":664,"column":128}},"285":{"start":{"line":665,"column":6},"end":{"line":665,"column":94}},"286":{"start":{"line":668,"column":4},"end":{"line":668,"column":93}},"287":{"start":{"line":669,"column":4},"end":{"line":669,"column":113}},"288":{"start":{"line":670,"column":4},"end":{"line":670,"column":73}},"289":{"start":{"line":672,"column":4},"end":{"line":672,"column":25}},"290":{"start":{"line":682,"column":4},"end":{"line":682,"column":34}},"291":{"start":{"line":682,"column":21},"end":{"line":682,"column":32}},"292":{"start":{"line":683,"column":19},"end":{"line":683,"column":26}},"293":{"start":{"line":684,"column":4},"end":{"line":687,"column":6}},"294":{"start":{"line":685,"column":6},"end":{"line":685,"column":40}},"295":{"start":{"line":686,"column":6},"end":{"line":686,"column":16}},"296":{"start":{"line":691,"column":0},"end":{"line":691,"column":27}}},"fnMap":{"0":{"name":"(anonymous_0)","decl":{"start":{"line":33,"column":2},"end":{"line":33,"column":3}},"loc":{"start":{"line":33,"column":27},"end":{"line":39,"column":3}},"line":33},"1":{"name":"(anonymous_1)","decl":{"start":{"line":46,"column":2},"end":{"line":46,"column":3}},"loc":{"start":{"line":46,"column":15},"end":{"line":64,"column":3}},"line":46},"2":{"name":"(anonymous_2)","decl":{"start":{"line":52,"column":23},"end":{"line":52,"column":24}},"loc":{"start":{"line":52,"column":44},"end":{"line":63,"column":5}},"line":52},"3":{"name":"(anonymous_3)","decl":{"start":{"line":54,"column":14},"end":{"line":54,"column":15}},"loc":{"start":{"line":54,"column":24},"end":{"line":61,"column":9}},"line":54},"4":{"name":"(anonymous_4)","decl":{"start":{"line":62,"column":15},"end":{"line":62,"column":16}},"loc":{"start":{"line":62,"column":24},"end":{"line":62,"column":37}},"line":62},"5":{"name":"(anonymous_5)","decl":{"start":{"line":72,"column":2},"end":{"line":72,"column":3}},"loc":{"start":{"line":72,"column":36},"end":{"line":106,"column":3}},"line":72},"6":{"name":"(anonymous_6)","decl":{"start":{"line":73,"column":27},"end":{"line":73,"column":28}},"loc":{"start":{"line":73,"column":36},"end":{"line":105,"column":5}},"line":73},"7":{"name":"(anonymous_7)","decl":{"start":{"line":78,"column":46},"end":{"line":78,"column":47}},"loc":{"start":{"line":78,"column":57},"end":{"line":84,"column":9}},"line":78},"8":{"name":"(anonymous_8)","decl":{"start":{"line":80,"column":34},"end":{"line":80,"column":35}},"loc":{"start":{"line":80,"column":45},"end":{"line":82,"column":11}},"line":80},"9":{"name":"(anonymous_9)","decl":{"start":{"line":86,"column":26},"end":{"line":86,"column":27}},"loc":{"start":{"line":86,"column":35},"end":{"line":92,"column":9}},"line":86},"10":{"name":"(anonymous_10)","decl":{"start":{"line":88,"column":24},"end":{"line":88,"column":25}},"loc":{"start":{"line":88,"column":34},"end":{"line":88,"column":57}},"line":88},"11":{"name":"(anonymous_11)","decl":{"start":{"line":90,"column":50},"end":{"line":90,"column":51}},"loc":{"start":{"line":90,"column":55},"end":{"line":90,"column":73}},"line":90},"12":{"name":"(anonymous_12)","decl":{"start":{"line":93,"column":28},"end":{"line":93,"column":29}},"loc":{"start":{"line":93,"column":37},"end":{"line":95,"column":9}},"line":93},"13":{"name":"(anonymous_13)","decl":{"start":{"line":108,"column":2},"end":{"line":108,"column":3}},"loc":{"start":{"line":108,"column":44},"end":{"line":115,"column":3}},"line":108},"14":{"name":"(anonymous_14)","decl":{"start":{"line":109,"column":30},"end":{"line":109,"column":31}},"loc":{"start":{"line":110,"column":6},"end":{"line":113,"column":23}},"line":110},"15":{"name":"(anonymous_15)","decl":{"start":{"line":125,"column":2},"end":{"line":125,"column":3}},"loc":{"start":{"line":125,"column":36},"end":{"line":135,"column":3}},"line":125},"16":{"name":"(anonymous_16)","decl":{"start":{"line":147,"column":2},"end":{"line":147,"column":3}},"loc":{"start":{"line":147,"column":36},"end":{"line":163,"column":3}},"line":147},"17":{"name":"(anonymous_17)","decl":{"start":{"line":149,"column":43},"end":{"line":149,"column":44}},"loc":{"start":{"line":149,"column":52},"end":{"line":158,"column":5}},"line":149},"18":{"name":"(anonymous_18)","decl":{"start":{"line":153,"column":22},"end":{"line":153,"column":23}},"loc":{"start":{"line":153,"column":34},"end":{"line":155,"column":7}},"line":153},"19":{"name":"(anonymous_19)","decl":{"start":{"line":156,"column":17},"end":{"line":156,"column":18}},"loc":{"start":{"line":156,"column":27},"end":{"line":156,"column":44}},"line":156},"20":{"name":"(anonymous_20)","decl":{"start":{"line":173,"column":2},"end":{"line":173,"column":3}},"loc":{"start":{"line":173,"column":38},"end":{"line":182,"column":3}},"line":173},"21":{"name":"(anonymous_21)","decl":{"start":{"line":189,"column":2},"end":{"line":189,"column":3}},"loc":{"start":{"line":189,"column":20},"end":{"line":227,"column":3}},"line":189},"22":{"name":"(anonymous_22)","decl":{"start":{"line":238,"column":2},"end":{"line":238,"column":3}},"loc":{"start":{"line":238,"column":80},"end":{"line":258,"column":3}},"line":238},"23":{"name":"(anonymous_23)","decl":{"start":{"line":264,"column":2},"end":{"line":264,"column":3}},"loc":{"start":{"line":264,"column":24},"end":{"line":267,"column":3}},"line":264},"24":{"name":"(anonymous_24)","decl":{"start":{"line":273,"column":2},"end":{"line":273,"column":3}},"loc":{"start":{"line":273,"column":15},"end":{"line":283,"column":3}},"line":273},"25":{"name":"(anonymous_25)","decl":{"start":{"line":276,"column":26},"end":{"line":276,"column":27}},"loc":{"start":{"line":276,"column":33},"end":{"line":281,"column":5}},"line":276},"26":{"name":"(anonymous_26)","decl":{"start":{"line":285,"column":2},"end":{"line":285,"column":3}},"loc":{"start":{"line":285,"column":16},"end":{"line":308,"column":3}},"line":285},"27":{"name":"(anonymous_27)","decl":{"start":{"line":297,"column":22},"end":{"line":297,"column":23}},"loc":{"start":{"line":297,"column":29},"end":{"line":300,"column":7}},"line":297},"28":{"name":"(anonymous_28)","decl":{"start":{"line":310,"column":2},"end":{"line":310,"column":3}},"loc":{"start":{"line":310,"column":27},"end":{"line":380,"column":3}},"line":310},"29":{"name":"(anonymous_29)","decl":{"start":{"line":320,"column":33},"end":{"line":320,"column":34}},"loc":{"start":{"line":320,"column":38},"end":{"line":347,"column":15}},"line":320},"30":{"name":"(anonymous_30)","decl":{"start":{"line":321,"column":25},"end":{"line":321,"column":26}},"loc":{"start":{"line":321,"column":30},"end":{"line":347,"column":14}},"line":321},"31":{"name":"(anonymous_31)","decl":{"start":{"line":351,"column":33},"end":{"line":351,"column":34}},"loc":{"start":{"line":351,"column":38},"end":{"line":360,"column":15}},"line":351},"32":{"name":"(anonymous_32)","decl":{"start":{"line":352,"column":25},"end":{"line":352,"column":26}},"loc":{"start":{"line":352,"column":30},"end":{"line":360,"column":14}},"line":352},"33":{"name":"(anonymous_33)","decl":{"start":{"line":354,"column":51},"end":{"line":354,"column":52}},"loc":{"start":{"line":354,"column":58},"end":{"line":356,"column":13}},"line":354},"34":{"name":"(anonymous_34)","decl":{"start":{"line":358,"column":61},"end":{"line":358,"column":62}},"loc":{"start":{"line":358,"column":68},"end":{"line":360,"column":13}},"line":358},"35":{"name":"(anonymous_35)","decl":{"start":{"line":370,"column":33},"end":{"line":370,"column":34}},"loc":{"start":{"line":370,"column":38},"end":{"line":377,"column":132}},"line":370},"36":{"name":"(anonymous_36)","decl":{"start":{"line":371,"column":25},"end":{"line":371,"column":26}},"loc":{"start":{"line":371,"column":30},"end":{"line":377,"column":131}},"line":371},"37":{"name":"(anonymous_37)","decl":{"start":{"line":390,"column":2},"end":{"line":390,"column":3}},"loc":{"start":{"line":390,"column":12},"end":{"line":438,"column":3}},"line":390},"38":{"name":"(anonymous_38)","decl":{"start":{"line":393,"column":31},"end":{"line":393,"column":32}},"loc":{"start":{"line":393,"column":41},"end":{"line":426,"column":7}},"line":393},"39":{"name":"(anonymous_39)","decl":{"start":{"line":448,"column":2},"end":{"line":448,"column":3}},"loc":{"start":{"line":448,"column":15},"end":{"line":541,"column":3}},"line":448},"40":{"name":"(anonymous_40)","decl":{"start":{"line":456,"column":34},"end":{"line":456,"column":35}},"loc":{"start":{"line":456,"column":46},"end":{"line":520,"column":7}},"line":456},"41":{"name":"(anonymous_41)","decl":{"start":{"line":467,"column":39},"end":{"line":467,"column":40}},"loc":{"start":{"line":467,"column":48},"end":{"line":477,"column":13}},"line":467},"42":{"name":"(anonymous_42)","decl":{"start":{"line":529,"column":85},"end":{"line":529,"column":86}},"loc":{"start":{"line":529,"column":92},"end":{"line":532,"column":9}},"line":529},"43":{"name":"(anonymous_43)","decl":{"start":{"line":534,"column":33},"end":{"line":534,"column":34}},"loc":{"start":{"line":534,"column":40},"end":{"line":538,"column":9}},"line":534},"44":{"name":"(anonymous_44)","decl":{"start":{"line":559,"column":2},"end":{"line":559,"column":3}},"loc":{"start":{"line":559,"column":84},"end":{"line":578,"column":3}},"line":559},"45":{"name":"(anonymous_45)","decl":{"start":{"line":560,"column":24},"end":{"line":560,"column":25}},"loc":{"start":{"line":560,"column":34},"end":{"line":577,"column":5}},"line":560},"46":{"name":"(anonymous_46)","decl":{"start":{"line":566,"column":41},"end":{"line":566,"column":42}},"loc":{"start":{"line":566,"column":48},"end":{"line":576,"column":7}},"line":566},"47":{"name":"(anonymous_47)","decl":{"start":{"line":568,"column":26},"end":{"line":568,"column":27}},"loc":{"start":{"line":568,"column":33},"end":{"line":571,"column":11}},"line":568},"48":{"name":"(anonymous_48)","decl":{"start":{"line":594,"column":2},"end":{"line":594,"column":3}},"loc":{"start":{"line":594,"column":78},"end":{"line":600,"column":3}},"line":594},"49":{"name":"(anonymous_49)","decl":{"start":{"line":609,"column":2},"end":{"line":609,"column":3}},"loc":{"start":{"line":609,"column":20},"end":{"line":620,"column":3}},"line":609},"50":{"name":"(anonymous_50)","decl":{"start":{"line":614,"column":17},"end":{"line":614,"column":18}},"loc":{"start":{"line":614,"column":26},"end":{"line":619,"column":5}},"line":614},"51":{"name":"(anonymous_51)","decl":{"start":{"line":615,"column":32},"end":{"line":615,"column":33}},"loc":{"start":{"line":615,"column":39},"end":{"line":618,"column":7}},"line":615},"52":{"name":"(anonymous_52)","decl":{"start":{"line":631,"column":2},"end":{"line":631,"column":3}},"loc":{"start":{"line":631,"column":43},"end":{"line":637,"column":3}},"line":631},"53":{"name":"(anonymous_53)","decl":{"start":{"line":646,"column":2},"end":{"line":646,"column":3}},"loc":{"start":{"line":646,"column":25},"end":{"line":673,"column":3}},"line":646},"54":{"name":"(anonymous_54)","decl":{"start":{"line":681,"column":2},"end":{"line":681,"column":3}},"loc":{"start":{"line":681,"column":36},"end":{"line":688,"column":3}},"line":681},"55":{"name":"(anonymous_55)","decl":{"start":{"line":684,"column":34},"end":{"line":684,"column":35}},"loc":{"start":{"line":684,"column":43},"end":{"line":687,"column":5}},"line":684}},"branchMap":{"0":{"loc":{"start":{"line":55,"column":10},"end":{"line":55,"column":58}},"type":"if","locations":[{"start":{"line":55,"column":10},"end":{"line":55,"column":58}},{"start":{"line":55,"column":10},"end":{"line":55,"column":58}}],"line":55},"1":{"loc":{"start":{"line":76,"column":6},"end":{"line":100,"column":7}},"type":"if","locations":[{"start":{"line":76,"column":6},"end":{"line":100,"column":7}},{"start":{"line":76,"column":6},"end":{"line":100,"column":7}}],"line":76},"2":{"loc":{"start":{"line":87,"column":10},"end":{"line":91,"column":11}},"type":"if","locations":[{"start":{"line":87,"column":10},"end":{"line":91,"column":11}},{"start":{"line":87,"column":10},"end":{"line":91,"column":11}}],"line":87},"3":{"loc":{"start":{"line":98,"column":23},"end":{"line":99,"column":80}},"type":"cond-expr","locations":[{"start":{"line":99,"column":12},"end":{"line":99,"column":75}},{"start":{"line":99,"column":78},"end":{"line":99,"column":80}}],"line":98},"4":{"loc":{"start":{"line":101,"column":34},"end":{"line":102,"column":72}},"type":"cond-expr","locations":[{"start":{"line":102,"column":10},"end":{"line":102,"column":68}},{"start":{"line":102,"column":71},"end":{"line":102,"column":72}}],"line":101},"5":{"loc":{"start":{"line":110,"column":6},"end":{"line":113,"column":23}},"type":"binary-expr","locations":[{"start":{"line":110,"column":7},"end":{"line":110,"column":15}},{"start":{"line":110,"column":19},"end":{"line":110,"column":38}},{"start":{"line":111,"column":11},"end":{"line":111,"column":22}},{"start":{"line":112,"column":12},"end":{"line":112,"column":21}},{"start":{"line":112,"column":25},"end":{"line":112,"column":45}},{"start":{"line":113,"column":11},"end":{"line":113,"column":23}}],"line":110},"6":{"loc":{"start":{"line":126,"column":4},"end":{"line":134,"column":5}},"type":"if","locations":[{"start":{"line":126,"column":4},"end":{"line":134,"column":5}},{"start":{"line":126,"column":4},"end":{"line":134,"column":5}}],"line":126},"7":{"loc":{"start":{"line":176,"column":4},"end":{"line":179,"column":5}},"type":"if","locations":[{"start":{"line":176,"column":4},"end":{"line":179,"column":5}},{"start":{"line":176,"column":4},"end":{"line":179,"column":5}}],"line":176},"8":{"loc":{"start":{"line":191,"column":20},"end":{"line":191,"column":61}},"type":"cond-expr","locations":[{"start":{"line":191,"column":41},"end":{"line":191,"column":57}},{"start":{"line":191,"column":60},"end":{"line":191,"column":61}}],"line":191},"9":{"loc":{"start":{"line":192,"column":20},"end":{"line":192,"column":70}},"type":"cond-expr","locations":[{"start":{"line":192,"column":45},"end":{"line":192,"column":65}},{"start":{"line":192,"column":68},"end":{"line":192,"column":70}}],"line":192},"10":{"loc":{"start":{"line":193,"column":21},"end":{"line":193,"column":85}},"type":"cond-expr","locations":[{"start":{"line":193,"column":52},"end":{"line":193,"column":78}},{"start":{"line":193,"column":81},"end":{"line":193,"column":85}}],"line":193},"11":{"loc":{"start":{"line":194,"column":21},"end":{"line":194,"column":85}},"type":"cond-expr","locations":[{"start":{"line":194,"column":52},"end":{"line":194,"column":78}},{"start":{"line":194,"column":81},"end":{"line":194,"column":85}}],"line":194},"12":{"loc":{"start":{"line":195,"column":17},"end":{"line":195,"column":85}},"type":"cond-expr","locations":[{"start":{"line":195,"column":39},"end":{"line":195,"column":56}},{"start":{"line":195,"column":59},"end":{"line":195,"column":85}}],"line":195},"13":{"loc":{"start":{"line":200,"column":4},"end":{"line":226,"column":5}},"type":"if","locations":[{"start":{"line":200,"column":4},"end":{"line":226,"column":5}},{"start":{"line":200,"column":4},"end":{"line":226,"column":5}}],"line":200},"14":{"loc":{"start":{"line":200,"column":8},"end":{"line":200,"column":55}},"type":"binary-expr","locations":[{"start":{"line":200,"column":8},"end":{"line":200,"column":28}},{"start":{"line":200,"column":32},"end":{"line":200,"column":55}}],"line":200},"15":{"loc":{"start":{"line":200,"column":34},"end":{"line":200,"column":54}},"type":"binary-expr","locations":[{"start":{"line":200,"column":34},"end":{"line":200,"column":42}},{"start":{"line":200,"column":46},"end":{"line":200,"column":54}}],"line":200},"16":{"loc":{"start":{"line":203,"column":11},"end":{"line":226,"column":5}},"type":"if","locations":[{"start":{"line":203,"column":11},"end":{"line":226,"column":5}},{"start":{"line":203,"column":11},"end":{"line":226,"column":5}}],"line":203},"17":{"loc":{"start":{"line":207,"column":11},"end":{"line":226,"column":5}},"type":"if","locations":[{"start":{"line":207,"column":11},"end":{"line":226,"column":5}},{"start":{"line":207,"column":11},"end":{"line":226,"column":5}}],"line":207},"18":{"loc":{"start":{"line":213,"column":11},"end":{"line":226,"column":5}},"type":"if","locations":[{"start":{"line":213,"column":11},"end":{"line":226,"column":5}},{"start":{"line":213,"column":11},"end":{"line":226,"column":5}}],"line":213},"19":{"loc":{"start":{"line":213,"column":15},"end":{"line":213,"column":79}},"type":"binary-expr","locations":[{"start":{"line":213,"column":15},"end":{"line":213,"column":40}},{"start":{"line":213,"column":44},"end":{"line":213,"column":79}}],"line":213},"20":{"loc":{"start":{"line":218,"column":11},"end":{"line":226,"column":5}},"type":"if","locations":[{"start":{"line":218,"column":11},"end":{"line":226,"column":5}},{"start":{"line":218,"column":11},"end":{"line":226,"column":5}}],"line":218},"21":{"loc":{"start":{"line":218,"column":15},"end":{"line":218,"column":74}},"type":"binary-expr","locations":[{"start":{"line":218,"column":15},"end":{"line":218,"column":35}},{"start":{"line":218,"column":39},"end":{"line":218,"column":74}}],"line":218},"22":{"loc":{"start":{"line":238,"column":60},"end":{"line":238,"column":78}},"type":"default-arg","locations":[{"start":{"line":238,"column":74},"end":{"line":238,"column":78}}],"line":238},"23":{"loc":{"start":{"line":239,"column":21},"end":{"line":239,"column":90}},"type":"cond-expr","locations":[{"start":{"line":239,"column":60},"end":{"line":239,"column":79}},{"start":{"line":239,"column":83},"end":{"line":239,"column":90}}],"line":239},"24":{"loc":{"start":{"line":242,"column":4},"end":{"line":249,"column":5}},"type":"if","locations":[{"start":{"line":242,"column":4},"end":{"line":249,"column":5}},{"start":{"line":242,"column":4},"end":{"line":249,"column":5}}],"line":242},"25":{"loc":{"start":{"line":253,"column":4},"end":{"line":255,"column":5}},"type":"if","locations":[{"start":{"line":253,"column":4},"end":{"line":255,"column":5}},{"start":{"line":253,"column":4},"end":{"line":255,"column":5}}],"line":253},"26":{"loc":{"start":{"line":278,"column":21},"end":{"line":278,"column":64}},"type":"cond-expr","locations":[{"start":{"line":278,"column":50},"end":{"line":278,"column":56}},{"start":{"line":278,"column":59},"end":{"line":278,"column":64}}],"line":278},"27":{"loc":{"start":{"line":286,"column":4},"end":{"line":288,"column":5}},"type":"if","locations":[{"start":{"line":286,"column":4},"end":{"line":288,"column":5}},{"start":{"line":286,"column":4},"end":{"line":288,"column":5}}],"line":286},"28":{"loc":{"start":{"line":286,"column":8},"end":{"line":286,"column":90}},"type":"binary-expr","locations":[{"start":{"line":286,"column":8},"end":{"line":286,"column":35}},{"start":{"line":286,"column":39},"end":{"line":286,"column":90}}],"line":286},"29":{"loc":{"start":{"line":286,"column":41},"end":{"line":286,"column":89}},"type":"binary-expr","locations":[{"start":{"line":286,"column":41},"end":{"line":286,"column":63}},{"start":{"line":286,"column":67},"end":{"line":286,"column":89}}],"line":286},"30":{"loc":{"start":{"line":292,"column":4},"end":{"line":301,"column":5}},"type":"if","locations":[{"start":{"line":292,"column":4},"end":{"line":301,"column":5}},{"start":{"line":292,"column":4},"end":{"line":301,"column":5}}],"line":292},"31":{"loc":{"start":{"line":311,"column":4},"end":{"line":313,"column":5}},"type":"if","locations":[{"start":{"line":311,"column":4},"end":{"line":313,"column":5}},{"start":{"line":311,"column":4},"end":{"line":313,"column":5}}],"line":311},"32":{"loc":{"start":{"line":311,"column":8},"end":{"line":311,"column":24}},"type":"binary-expr","locations":[{"start":{"line":311,"column":8},"end":{"line":311,"column":14}},{"start":{"line":311,"column":18},"end":{"line":311,"column":24}}],"line":311},"33":{"loc":{"start":{"line":318,"column":4},"end":{"line":379,"column":5}},"type":"switch","locations":[{"start":{"line":319,"column":6},"end":{"line":348,"column":13}},{"start":{"line":349,"column":6},"end":{"line":349,"column":19}},{"start":{"line":350,"column":6},"end":{"line":361,"column":13}},{"start":{"line":362,"column":6},"end":{"line":364,"column":13}},{"start":{"line":365,"column":6},"end":{"line":367,"column":13}},{"start":{"line":368,"column":6},"end":{"line":368,"column":21}},{"start":{"line":369,"column":6},"end":{"line":378,"column":13}}],"line":318},"34":{"loc":{"start":{"line":391,"column":4},"end":{"line":437,"column":5}},"type":"if","locations":[{"start":{"line":391,"column":4},"end":{"line":437,"column":5}},{"start":{"line":391,"column":4},"end":{"line":437,"column":5}}],"line":391},"35":{"loc":{"start":{"line":391,"column":8},"end":{"line":391,"column":66}},"type":"binary-expr","locations":[{"start":{"line":391,"column":8},"end":{"line":391,"column":29}},{"start":{"line":391,"column":33},"end":{"line":391,"column":66}}],"line":391},"36":{"loc":{"start":{"line":395,"column":8},"end":{"line":425,"column":9}},"type":"switch","locations":[{"start":{"line":396,"column":10},"end":{"line":398,"column":17}},{"start":{"line":399,"column":10},"end":{"line":410,"column":17}},{"start":{"line":411,"column":10},"end":{"line":422,"column":17}},{"start":{"line":423,"column":10},"end":{"line":424,"column":49}}],"line":395},"37":{"loc":{"start":{"line":397,"column":37},"end":{"line":397,"column":49}},"type":"binary-expr","loc
[...]
},"end":{"line":2,"column":42}},"1":{"start":{"line":4,"column":17},"end":{"line":180,"column":1}},"2":{"start":{"line":5,"column":18},"end":{"line":15,"column":3}},"3":{"start":{"line":6,"column":24},"end":{"line":6,"column":42}},"4":{"start":{"line":8,"column":15},"end":{"line":8,"column":20}},"5":{"start":{"line":9,"column":4},"end":{"line":9,"column":75}},"6":{"start":{"line":9,"column":38},"end":{"line":9,"column":75}},"7":{"start":{"line":11,"column":4},"end":{"line":11,"column":66}},"8":{"start":{"line":12,"column":4},"end":{"line":12,"column":25}},"9":{"start":{"line":13,"column":4},"end":{"line":13,"column":30}},"10":{"start":{"line":14,"column":4},"end":{"line":14,"column":15}},"11":{"start":{"line":17,"column":22},"end":{"line":36,"column":3}},"12":{"start":{"line":18,"column":4},"end":{"line":18,"column":53}},"13":{"start":{"line":19,"column":21},"end":{"line":19,"column":24}},"14":{"start":{"line":20,"column":4},"end":{"line":29,"column":5}},"15":{"start":{"line":22,"column":8},"end":{"line":22,"column":24}},"16":{"start":{"line":23,"column":8},"end":{"line":23,"column":13}},"17":{"start":{"line":25,"column":8},"end":{"line":25,"column":24}},"18":{"start":{"line":26,"column":8},"end":{"line":26,"column":13}},"19":{"start":{"line":28,"column":8},"end":{"line":28,"column":24}},"20":{"start":{"line":30,"column":4},"end":{"line":34,"column":6}},"21":{"start":{"line":35,"column":4},"end":{"line":35,"column":16}},"22":{"start":{"line":38,"column":2},"end":{"line":126,"column":4}},"23":{"start":{"line":39,"column":19},"end":{"line":39,"column":27}},"24":{"start":{"line":41,"column":20},"end":{"line":41,"column":51}},"25":{"start":{"line":42,"column":20},"end":{"line":42,"column":60}},"26":{"start":{"line":45,"column":17},"end":{"line":45,"column":30}},"27":{"start":{"line":47,"column":4},"end":{"line":47,"column":22}},"28":{"start":{"line":48,"column":4},"end":{"line":48,"column":22}},"29":{"start":{"line":50,"column":4},"end":{"line":55,"column":5}},"30":{"start":{"line":51,"column":6},"end":{"line":54,"column":8}},"31":{"start":{"line":58,"column":4},"end":{"line":78,"column":5}},"32":{"start":{"line":59,"column":6},"end":{"line":77,"column":8}},"33":{"start":{"line":62,"column":26},"end":{"line":62,"column":74}},"34":{"start":{"line":63,"column":8},"end":{"line":76,"column":9}},"35":{"start":{"line":65,"column":12},"end":{"line":65,"column":112}},"36":{"start":{"line":66,"column":12},"end":{"line":66,"column":17}},"37":{"start":{"line":68,"column":12},"end":{"line":68,"column":87}},"38":{"start":{"line":69,"column":12},"end":{"line":69,"column":17}},"39":{"start":{"line":71,"column":12},"end":{"line":71,"column":115}},"40":{"start":{"line":72,"column":12},"end":{"line":72,"column":17}},"41":{"start":{"line":74,"column":12},"end":{"line":74,"column":107}},"42":{"start":{"line":75,"column":12},"end":{"line":75,"column":17}},"43":{"start":{"line":83,"column":4},"end":{"line":94,"column":5}},"44":{"start":{"line":84,"column":6},"end":{"line":93,"column":8}},"45":{"start":{"line":85,"column":8},"end":{"line":92,"column":9}},"46":{"start":{"line":87,"column":12},"end":{"line":87,"column":68}},"47":{"start":{"line":88,"column":12},"end":{"line":88,"column":17}},"48":{"start":{"line":90,"column":12},"end":{"line":90,"column":59}},"49":{"start":{"line":91,"column":12},"end":{"line":91,"column":17}},"50":{"start":{"line":97,"column":4},"end":{"line":104,"column":5}},"51":{"start":{"line":98,"column":6},"end":{"line":103,"column":8}},"52":{"start":{"line":99,"column":8},"end":{"line":102,"column":9}},"53":{"start":{"line":101,"column":12},"end":{"line":101,"column":43}},"54":{"start":{"line":110,"column":4},"end":{"line":114,"column":5}},"55":{"start":{"line":111,"column":6},"end":{"line":113,"column":8}},"56":{"start":{"line":112,"column":8},"end":{"line":112,"column":45}},"57":{"start":{"line":116,"column":20},"end":{"line":119,"column":5}},"58":{"start":{"line":121,"column":4},"end":{"line":125,"column":46}},"59":{"start":{"line":123,"column":8},"end":{"line":123,"column":34}},"60":{"start":{"line":125,"column":22},"end":{"line":125,"column":45}},"61":{"start":{"line":128,"column":2},"end":{"line":179,"column":4}},"62":{"start":{"line":129,"column":20},"end":{"line":129,"column":57}},"63":{"start":{"line":130,"column":20},"end":{"line":130,"column":66}},"64":{"start":{"line":131,"column":22},"end":{"line":131,"column":33}},"65":{"start":{"line":132,"column":19},"end":{"line":132,"column":42}},"66":{"start":{"line":134,"column":17},"end":{"line":138,"column":14}},"67":{"start":{"line":140,"column":17},"end":{"line":143,"column":5}},"68":{"start":{"line":146,"column":24},"end":{"line":146,"column":26}},"69":{"start":{"line":147,"column":21},"end":{"line":147,"column":23}},"70":{"start":{"line":149,"column":4},"end":{"line":174,"column":5}},"71":{"start":{"line":150,"column":6},"end":{"line":159,"column":8}},"72":{"start":{"line":151,"column":8},"end":{"line":151,"column":30}},"73":{"start":{"line":152,"column":8},"end":{"line":152,"column":44}},"74":{"start":{"line":153,"column":28},"end":{"line":156,"column":9}},"75":{"start":{"line":158,"column":8},"end":{"line":158,"column":26}},"76":{"start":{"line":161,"column":6},"end":{"line":173,"column":7}},"77":{"start":{"line":176,"column":4},"end":{"line":178,"column":46}},"78":{"start":{"line":177,"column":20},"end":{"line":177,"column":46}},"79":{"start":{"line":178,"column":22},"end":{"line":178,"column":45}},"80":{"start":{"line":182,"column":0},"end":{"line":182,"column":29}}},"fnMap":{"0":{"name":"(anonymous_0)","decl":{"start":{"line":4,"column":17},"end":{"line":4,"column":18}},"loc":{"start":{"line":4,"column":26},"end":{"line":180,"column":1}},"line":4},"1":{"name":"(anonymous_1)","decl":{"start":{"line":5,"column":18},"end":{"line":5,"column":19}},"loc":{"start":{"line":5,"column":42},"end":{"line":15,"column":3}},"line":5},"2":{"name":"(anonymous_2)","decl":{"start":{"line":17,"column":22},"end":{"line":17,"column":23}},"loc":{"start":{"line":17,"column":38},"end":{"line":36,"column":3}},"line":17},"3":{"name":"(anonymous_3)","decl":{"start":{"line":38,"column":34},"end":{"line":38,"column":35}},"loc":{"start":{"line":38,"column":48},"end":{"line":126,"column":3}},"line":38},"4":{"name":"(anonymous_4)","decl":{"start":{"line":59,"column":29},"end":{"line":59,"column":30}},"loc":{"start":{"line":59,"column":39},"end":{"line":77,"column":7}},"line":59},"5":{"name":"(anonymous_5)","decl":{"start":{"line":84,"column":29},"end":{"line":84,"column":30}},"loc":{"start":{"line":84,"column":41},"end":{"line":93,"column":7}},"line":84},"6":{"name":"(anonymous_6)","decl":{"start":{"line":98,"column":26},"end":{"line":98,"column":27}},"loc":{"start":{"line":98,"column":36},"end":{"line":103,"column":7}},"line":98},"7":{"name":"(anonymous_7)","decl":{"start":{"line":111,"column":34},"end":{"line":111,"column":35}},"loc":{"start":{"line":111,"column":43},"end":{"line":113,"column":7}},"line":111},"8":{"name":"(anonymous_8)","decl":{"start":{"line":122,"column":12},"end":{"line":122,"column":13}},"loc":{"start":{"line":122,"column":22},"end":{"line":124,"column":7}},"line":122},"9":{"name":"(anonymous_9)","decl":{"start":{"line":125,"column":13},"end":{"line":125,"column":14}},"loc":{"start":{"line":125,"column":22},"end":{"line":125,"column":45}},"line":125},"10":{"name":"(anonymous_10)","decl":{"start":{"line":128,"column":33},"end":{"line":128,"column":34}},"loc":{"start":{"line":128,"column":47},"end":{"line":179,"column":3}},"line":128},"11":{"name":"(anonymous_11)","decl":{"start":{"line":150,"column":41},"end":{"line":150,"column":42}},"loc":{"start":{"line":150,"column":51},"end":{"line":159,"column":7}},"line":150},"12":{"name":"(anonymous_12)","decl":{"start":{"line":177,"column":12},"end":{"line":177,"column":13}},"loc":{"start":{"line":177,"column":20},"end":{"line":177,"column":46}},"line":177},"13":{"name":"(anonymous_13)","decl":{"start":{"line":178,"column":13},"end":{"line":178,"column":14}},"loc":{"start":{"line":178,"column":22},"end":{"line":178,"column":45}},"line":178}},"branchMap":{"0":{"loc":{"start":{"line":9,"column":4},"end":{"line":9,"column":75}},"type":"if","locations":[{"start":{"line":9,"column":4},"end":{"line":9,"column":75}},{"start":{"line":9,"column":4},"end":{"line":9,"column":75}}],"line":9},"1":{"loc":{"start":{"line":20,"column":4},"end":{"line":29,"column":5}},"type":"switch","locations":[{"start":{"line":21,"column":6},"end":{"line":23,"column":13}},{"start":{"line":24,"column":6},"end":{"line":26,"column":13}},{"start":{"line":27,"column":6},"end":{"line":28,"column":24}}],"line":20},"2":{"loc":{"start":{"line":33,"column":13},"end":{"line":33,"column":50}},"type":"cond-expr","locations":[{"start":{"line":33,"column":29},"end":{"line":33,"column":42}},{"start":{"line":33,"column":45},"end":{"line":33,"column":50}}],"line":33},"3":{"loc":{"start":{"line":41,"column":20},"end":{"line":41,"column":51}},"type":"cond-expr","locations":[{"start":{"line":41,"column":36},"end":{"line":41,"column":47}},{"start":{"line":41,"column":50},"end":{"line":41,"column":51}}],"line":41},"4":{"loc":{"start":{"line":42,"column":20},"end":{"line":42,"column":60}},"type":"cond-expr","locations":[{"start":{"line":42,"column":40},"end":{"line":42,"column":55}},{"start":{"line":42,"column":58},"end":{"line":42,"column":60}}],"line":42},"5":{"loc":{"start":{"line":50,"column":4},"end":{"line":55,"column":5}},"type":"if","locations":[{"start":{"line":50,"column":4},"end":{"line":55,"column":5}},{"start":{"line":50,"column":4},"end":{"line":55,"column":5}}],"line":50},"6":{"loc":{"start":{"line":50,"column":8},"end":{"line":50,"column":56}},"type":"binary-expr","locations":[{"start":{"line":50,"column":8},"end":{"line":50,"column":30}},{"start":{"line":50,"column":34},"end":{"line":50,"column":56}}],"line":50},"7":{"loc":{"start":{"line":58,"column":4},"end":{"line":78,"column":5}},"type":"if","locations":[{"start":{"line":58,"column":4},"end":{"line":78,"column":5}},{"start":{"line":58,"column":4},"end":{"line":78,"column":5}}],"line":58},"8":{"loc":{"start":{"line":63,"column":8},"end":{"line":76,"column":9}},"type":"switch","locations":[{"start":{"line":64,"column":10},"end":{"line":66,"column":17}},{"start":{"line":67,"column":10},"end":{"line":69,"column":17}},{"start":{"line":70,"column":10},"end":{"line":72,"column":17}},{"start":{"line":73,"column":10},"end":{"line":75,"column":17}}],"line":63},"9":{"loc":{"start":{"line":83,"column":4},"end":{"line":94,"column":5}},"type":"if","locations":[{"start":{"line":83,"column":4},"end":{"line":94,"column":5}},{"start":{"line":83,"column":4},"end":{"line":94,"column":5}}],"line":83},"10":{"loc":{"start":{"line":83,"column":8},"end":{"line":83,"column":62}},"type":"binary-expr","locations":[{"start":{"line":83,"column":8},"end":{"line":83,"column":27}},{"start":{"line":83,"column":31},"end":{"line":83,"column":62}}],"line":83},"11":{"loc":{"start":{"line":85,"column":8},"end":{"line":92,"column":9}},"type":"switch","locations":[{"start":{"line":86,"column":10},"end":{"line":88,"column":17}},{"start":{"line":89,"column":10},"end":{"line":91,"column":17}}],"line":85},"12":{"loc":{"start":{"line":97,"column":4},"end":{"line":104,"column":5}},"type":"if","locations":[{"start":{"line":97,"column":4},"end":{"line":104,"column":5}},{"start":{"line":97,"column":4},"end":{"line":104,"column":5}}],"line":97},"13":{"loc":{"start":{"line":97,"column":8},"end":{"line":97,"column":56}},"type":"binary-expr","locations":[{"start":{"line":97,"column":8},"end":{"line":97,"column":24}},{"start":{"line":97,"column":28},"end":{"line":97,"column":56}}],"line":97},"14":{"loc":{"start":{"line":99,"column":8},"end":{"line":102,"column":9}},"type":"switch","locations":[{"start":{"line":100,"column":10},"end":{"line":101,"column":43}}],"line":99},"15":{"loc":{"start":{"line":110,"column":4},"end":{"line":114,"column":5}},"type":"if","locations":[{"start":{"line":110,"column":4},"end":{"line":114,"column":5}},{"start":{"line":110,"column":4},"end":{"line":114,"column":5}}],"line":110},"16":{"loc":{"start":{"line":110,"column":8},"end":{"line":110,"column":72}},"type":"binary-expr","locations":[{"start":{"line":110,"column":8},"end":{"line":110,"column":32}},{"start":{"line":110,"column":36},"end":{"line":110,"column":72}}],"line":110},"17":{"loc":{"start":{"line":129,"column":20},"end":{"line":129,"column":57}},"type":"cond-expr","locations":[{"start":{"line":129,"column":39},"end":{"line":129,"column":53}},{"start":{"line":129,"column":56},"end":{"line":129,"column":57}}],"line":129},"18":{"loc":{"start":{"line":130,"column":20},"end":{"line":130,"column":66}},"type":"cond-expr","locations":[{"start":{"line":130,"column":43},"end":{"line":130,"column":61}},{"start":{"line":130,"column":64},"end":{"line":130,"column":66}}],"line":130},"19":{"loc":{"start":{"line":149,"column":4},"end":{"line":174,"column":5}},"type":"if","locations":[{"start":{"line":149,"column":4},"end":{"line":174,"column":5}},{"start":{"line":149,"column":4},"end":{"line":174,"column":5}}],"line":149}},"s":{"0":1,"1":1,"2":1,"3":1,"4":1,"5":1,"6":1,"7":1,"8":1,"9":1,"10":1,"11":1,"12":0,"13":0,"14":0,"15":0,"16":0,"17":0,"18":0,"19":0,"20":0,"21":0,"22":1,"23":1,"24":1,"25":1,"26":1,"27":1,"28":1,"29":1,"30":0,"31":1,"32":1,"33":1,"34":1,"35":0,"36":0,"37":1,"38":1,"39":0,"40":0,"41":0,"42":0,"43":1,"44":0,"45":0,"46":0,"47":0,"48":0,"49":0,"50":1,"51":0,"52":0,"53":0,"54":1,"55":0,"56":0,"57":1,"58":1,"59":1,"60":0,"61":1,"62":0,"63":0,"64":0,"65":0,"66":0,"67":0,"68":0,"69":0,"70":0,"71":0,"72":0,"73":0,"74":0,"75":0,"76":0,"77":0,"78":0,"79":0,"80":1},"f":{"0":1,"1":1,"2":0,"3":1,"4":1,"5":0,"6":0,"7":0,"8":1,"9":0,"10":0,"11":0,"12":0,"13":0},"b":{"0":[1,0],"1":[0,0,0],"2":[0,0],"3":[0,1],"4":[0,1],"5":[0,1],"6":[1,0],"7":[1,0],"8":[0,1,0,0],"9":[0,1],"10":[1,0],"11":[0,0],"12":[0,1],"13":[1,0],"14":[0],"15":[0,1],"16":[1,0],"17":[0,0],"18":[0,0],"19":[0,0]},"_coverageSchema":"43e27e138ebf9cfc5966b082cf9a028302ed4184","hash":"5f1452b74f1b881fa7bd7beb03f552c72a5cf9a9","contentHash":"c7ade5d8dff70f5aa3db1b952514d2e682614d9fae89e70a0d431b3c74e8c6ab"},"/Users/michaelbenowitz/work/sfr-proj/sfr-proj/app/sfr-search-api/routes/v1/work.js":{"path":"/Users/michaelbenowitz/work/sfr-proj/sfr-proj/app/sfr-search-api/routes/v1/work.js","statementMap":{"0":{"start":{"line":2,"column":20},"end":{"line":2,"column":42}},"1":{"start":{"line":3,"column":31},"end":{"line":3,"column":58}},"2":{"start":{"line":5,"column":15},"end":{"line":75,"column":1}},"3":{"start":{"line":6,"column":18},"end":{"line":25,"column":3}},"4":{"start":{"line":7,"column":24},"end":{"line":7,"column":42}},"5":{"start":{"line":9,"column":15},"end":{"line":9,"column":20}},"6":{"start":{"line":11,"column":20},"end":{"line":11,"column":41}},"7":{"start":{"line":13,"column":4},"end":{"line":13,"column":118}},"8":{"start":{"line":13,"column":21},"end":{"line":13,"column":118}},"9":{"start":{"line":14,"column":4},"end":{"line":14,"column":127}},"10":{"start":{"line":14,"column":21},"end":{"line":14,"column":127}},"11":{"start":{"line":17,"column":23},"end":{"line":17,"column":51}},"12":{"start":{"line":19,"column":4},"end":{"line":19,"column":80}},"13":{"start":{"line":19,"column":38},"end":{"line":19,"column":80}},"14":{"start":{"line":21,"column":4},"end":{"line":21,"column":66}},"15":{"start":{"line":22,"column":4},"end":{"line":22,"column":25}},"16":{"start":{"line":23,"column":4},"end":{"line":23,"column":30}},"17":{"start":{"line":24,"column":4},"end":{"line":24,"column":15}},"18":{"start":{"line":27,"column":22},"end":{"line":50,"column":3}},"19":{"start":{"line":28,"column":4},"end":{"line":28,"column":53}},"20":{"start":{"line":30,"column":21},"end":{"line":30,"column":24}},"21":{"start":{"line":31,"column":4},"end":{"line":43,"column":5}},"22":{"start":{"line":33,"column":8},"end":{"line":33,"column":24}},"23":{"start":{"line":34,"column":8},"end":{"line":34,"column":13}},"24":{"start":{"line":36,"column":8},"end":{"line":36,"column":24}},"25":{"start":{"line":37,"column":8},"end":{"line":37,"column":13}},"26":{"start":{"line":39,"column":8},"end":{"line":39,"column":24}},"27":{"start":{"line":40,"column":8},"end":{"line":40,"column":13}},"28":{"start":{"line":42,"column":8},"end":{"line":42,"column":24}},"29":{"start":{"line":44,"column":4},"end":{"line":48,"column":6}},"30":{"start":{"line":49,"column":4},"end":{"line":49,"column":16}},"31":{"start":{"line":52,"column":2},"end":{"line":74,"column":4}},"32":{"start":{"line":53,"column":25},"end":{"line":53,"column":34}},"33":{"start":{"line":61,"column":17},"end":{"line":64,"column":68}},"34":{"start":{"line":66,"column":19},"end":{"line":69,"column":5}},"35":{"start":{"line":71,"column":4},"end":{"line":73,"column":46}},"36":{"start":{"line":72,"column":20},"end":{"line":72,"column":46}},"37":{"start":{"line":73,"column":22},"end":{"line":73,"column":45}},"38":{"start":{"line":77,"column":0},"end":{"line":77,"column":27}}},"fnMap":{"0":{"name":"(anonymous_0)","decl":{"start":{"line":5,"column":15},"end":{"line":5,"column":16}},"loc":{"start":{"line":5,"column":24},"end":{"line":75,"column":1}},"line":5},"1":{"name":"(anonymous_1)","decl":{"start":{"line":6,"column":18},"end":{"line":6,"column":19}},"loc":{"start":{"line":6,"column":42},"end":{"line":25,"column":3}},"line":6},"2":{"name":"(anonymous_2)","decl":{"start":{"line":27,"column":22},"end":{"line":27,"column":23}},"loc":{"start":{"line":27,"column":38},"end":{"line":50,"column":3}},"line":27},"3":{"name":"(anonymous_3)","decl":{"start":{"line":52,"column":32},"end":{"line":52,"column":33}},"loc":{"start":{"line":52,"column":46},"end":{"line":74,"column":3}},"line":52},"4":{"name":"(anonymous_4)","decl":{"start":{"line":72,"column":12},"end":{"line":72,"column":13}},"loc":{"start":{"line":72,"column":20},"end":{"line":72,"column":46}},"line":72},"5":{"name":"(anonymous_5)","decl":{"start":{"line":73,"column":13},"end":{"line":73,"column":14}},"loc":{"start":{"line":73,"column":22},"end":{"line":73,"column":45}},"line":73}},"branchMap":{"0":{"loc":{"start":{"line":13,"column":4},"end":{"line":13,"column":118}},"type":"if","locations":[{"start":{"line":13,"column":4},"end":{"line":13,"column":118}},{"start":{"line":13,"column":4},"end":{"line":13,"column":118}}],"line":13},"1":{"loc":{"start":{"line":14,"column":4},"end":{"line":14,"column":127}},"type":"if","locations":[{"start":{"line":14,"column":4},"end":{"line":14,"column":127}},{"start":{"line":14,"column":4},"end":{"line":14,"column":127}}],"line":14},"2":{"loc":{"start":{"line":19,"column":4},"end":{"line":19,"column":80}},"type":"if","locations":[{"start":{"line":19,"column":4},"end":{"line":19,"column":80}},{"start":{"line":19,"column":4},"end":{"line":19,"column":80}}],"line":19},"3":{"loc":{"start":{"line":31,"column":4},"end":{"line":43,"column":5}},"type":"switch","locations":[{"start":{"line":32,"column":6},"end":{"line":34,"column":13}},{"start":{"line":35,"column":6},"end":{"line":37,"column":13}},{"start":{"line":38,"column":6},"end":{"line":40,"column":13}},{"start":{"line":41,"column":6},"end":{"line":42,"column":24}}],"line":31},"4":{"loc":{"start":{"line":47,"column":13},"end":{"line":47,"column":50}},"type":"cond-expr","locations":[{"start":{"line":47,"column":29},"end":{"line":47,"column":42}},{"start":{"line":47,"column":45},"end":{"line":47,"column":50}}],"line":47}},"s":{"0":1,"1":1,"2":1,"3":1,"4":0,"5":0,"6":0,"7":0,"8":0,"9":0,"10":0,"11":0,"12":0,"13":0,"14":0,"15":0,"16":0,"17":0,"18":1,"19":0,"20":0,"21":0,"22":0,"23":0,"24":0,"25":0,"26":0,"27":0,"28":0,"29":0,"30":0,"31":1,"32":0,"33":0,"34":0,"35":0,"36":0,"37":0,"38":1},"f":{"0":1,"1":0,"2":0,"3":0,"4":0,"5":0},"b":{"0":[0,0],"1":[0,0],"2":[0,0],"3":[0,0,0,0],"4":[0,0]},"_coverageSchema":"43e27e138ebf9cfc5966b082cf9a028302ed4184","hash":"c369f6161716da23c8087f274e064b8f2fc86e6f","contentHash":"933300ff447572ba4d610b100b35c6b4b9fca6bd61a261c4e79913d6291e9fce"}}